\BOOKMARK [0][-]{chapter.1}{\376\377\0001\000\040\000T\000o\000d\000o\000\040\000L\000i\000s\000t}{}% 1
\BOOKMARK [0][-]{chapter.2}{\376\377\0002\000\040\000H\000i\000e\000r\000a\000r\000c\000h\000i\000c\000a\000l\000\040\000I\000n\000d\000e\000x}{}% 2
\BOOKMARK [1][-]{section.2.1}{\376\377\0002\000.\0001\000\040\000C\000l\000a\000s\000s\000\040\000H\000i\000e\000r\000a\000r\000c\000h\000y}{chapter.2}% 3
\BOOKMARK [0][-]{chapter.3}{\376\377\0003\000\040\000C\000l\000a\000s\000s\000\040\000I\000n\000d\000e\000x}{}% 4
\BOOKMARK [1][-]{section.3.1}{\376\377\0003\000.\0001\000\040\000C\000l\000a\000s\000s\000\040\000L\000i\000s\000t}{chapter.3}% 5
\BOOKMARK [0][-]{chapter.4}{\376\377\0004\000\040\000F\000i\000l\000e\000\040\000I\000n\000d\000e\000x}{}% 6
\BOOKMARK [1][-]{section.4.1}{\376\377\0004\000.\0001\000\040\000F\000i\000l\000e\000\040\000L\000i\000s\000t}{chapter.4}% 7
\BOOKMARK [0][-]{chapter.5}{\376\377\0005\000\040\000C\000l\000a\000s\000s\000\040\000D\000o\000c\000u\000m\000e\000n\000t\000a\000t\000i\000o\000n}{}% 8
\BOOKMARK [1][-]{section.5.1}{\376\377\0005\000.\0001\000\040\000A\000g\000e\000n\000t\000\040\000C\000l\000a\000s\000s\000\040\000R\000e\000f\000e\000r\000e\000n\000c\000e}{chapter.5}% 9
\BOOKMARK [2][-]{subsection.5.1.1}{\376\377\0005\000.\0001\000.\0001\000\040\000D\000e\000t\000a\000i\000l\000e\000d\000\040\000D\000e\000s\000c\000r\000i\000p\000t\000i\000o\000n}{section.5.1}% 10
\BOOKMARK [2][-]{subsection.5.1.2}{\376\377\0005\000.\0001\000.\0002\000\040\000C\000o\000n\000s\000t\000r\000u\000c\000t\000o\000r\000\040\000\046\000\040\000D\000e\000s\000t\000r\000u\000c\000t\000o\000r\000\040\000D\000o\000c\000u\000m\000e\000n\000t\000a\000t\000i\000o\000n}{section.5.1}% 11
\BOOKMARK [3][-]{subsubsection.5.1.2.1}{\376\377\0005\000.\0001\000.\0002\000.\0001\000\040\000A\000g\000e\000n\000t\000\050\000V\000e\000c\000t\000o\000r\0003\000d\000\040\000p\000o\000s\000i\000t\000i\000o\000n\000=\000V\000e\000c\000t\000o\000r\0003\000d\000\050\000\051\000,\000\040\000d\000o\000u\000b\000l\000e\000\040\000t\000h\000e\000t\000a\000=\0000\000,\000\040\000i\000n\000t\000\040\000i\000d\000=\0000\000\051}{subsection.5.1.2}% 12
\BOOKMARK [3][-]{subsubsection.5.1.2.2}{\376\377\0005\000.\0001\000.\0002\000.\0002\000\040\000\040\000A\000g\000e\000n\000t\000\050\000\051}{subsection.5.1.2}% 13
\BOOKMARK [2][-]{subsection.5.1.3}{\376\377\0005\000.\0001\000.\0003\000\040\000M\000e\000m\000b\000e\000r\000\040\000F\000u\000n\000c\000t\000i\000o\000n\000\040\000D\000o\000c\000u\000m\000e\000n\000t\000a\000t\000i\000o\000n}{section.5.1}% 14
\BOOKMARK [3][-]{subsubsection.5.1.3.1}{\376\377\0005\000.\0001\000.\0003\000.\0001\000\040\000f\000i\000n\000d\000N\000e\000a\000r\000e\000s\000t\000N\000e\000i\000g\000h\000b\000o\000r\000\050\000s\000t\000d\000:\000:\000v\000e\000c\000t\000o\000r\000<\000\040\000A\000g\000e\000n\000t\000\040\000*\000\040\000>\000\040\000a\000g\000e\000n\000t\000s\000\051}{subsection.5.1.3}% 15
\BOOKMARK [3][-]{subsubsection.5.1.3.2}{\376\377\0005\000.\0001\000.\0003\000.\0002\000\040\000g\000e\000t\000F\000O\000V\000I\000n\000t\000e\000r\000s\000e\000c\000t\000i\000o\000n\000\050\000A\000g\000e\000n\000t\000\040\000*\000a\000g\000e\000n\000t\000\051}{subsection.5.1.3}% 16
\BOOKMARK [3][-]{subsubsection.5.1.3.3}{\376\377\0005\000.\0001\000.\0003\000.\0003\000\040\000g\000e\000t\000S\000o\000c\000i\000a\000l\000S\000p\000a\000c\000e\000\050\000\051\000\040\000c\000o\000n\000s\000t\000\040}{subsection.5.1.3}% 17
\BOOKMARK [3][-]{subsubsection.5.1.3.4}{\376\377\0005\000.\0001\000.\0003\000.\0004\000\040\000s\000e\000t\000S\000o\000c\000i\000a\000l\000S\000p\000a\000c\000e\000\050\000G\000a\000u\000s\000s\000i\000a\000n\000S\000p\000a\000c\000e\000\040\000*\000s\000o\000c\000i\000a\000l\000S\000p\000a\000c\000e\000\051}{subsection.5.1.3}% 18
\BOOKMARK [1][-]{section.5.2}{\376\377\0005\000.\0002\000\040\000A\000g\000e\000n\000t\000C\000o\000n\000t\000a\000i\000n\000e\000r\000\040\000C\000l\000a\000s\000s\000\040\000R\000e\000f\000e\000r\000e\000n\000c\000e}{chapter.5}% 19
\BOOKMARK [2][-]{subsection.5.2.1}{\376\377\0005\000.\0002\000.\0001\000\040\000D\000e\000t\000a\000i\000l\000e\000d\000\040\000D\000e\000s\000c\000r\000i\000p\000t\000i\000o\000n}{section.5.2}% 20
\BOOKMARK [2][-]{subsection.5.2.2}{\376\377\0005\000.\0002\000.\0002\000\040\000C\000o\000n\000s\000t\000r\000u\000c\000t\000o\000r\000\040\000\046\000\040\000D\000e\000s\000t\000r\000u\000c\000t\000o\000r\000\040\000D\000o\000c\000u\000m\000e\000n\000t\000a\000t\000i\000o\000n}{section.5.2}% 21
\BOOKMARK [3][-]{subsubsection.5.2.2.1}{\376\377\0005\000.\0002\000.\0002\000.\0001\000\040\000A\000g\000e\000n\000t\000C\000o\000n\000t\000a\000i\000n\000e\000r\000\050\000\051}{subsection.5.2.2}% 22
\BOOKMARK [3][-]{subsubsection.5.2.2.2}{\376\377\0005\000.\0002\000.\0002\000.\0002\000\040\000A\000g\000e\000n\000t\000C\000o\000n\000t\000a\000i\000n\000e\000r\000\050\000s\000t\000d\000:\000:\000v\000e\000c\000t\000o\000r\000<\000\040\000A\000g\000e\000n\000t\000\040\000*\000\040\000>\000\040\000a\000g\000e\000n\000t\000s\000\051}{subsection.5.2.2}% 23
\BOOKMARK [3][-]{subsubsection.5.2.2.3}{\376\377\0005\000.\0002\000.\0002\000.\0003\000\040\000\040\000A\000g\000e\000n\000t\000C\000o\000n\000t\000a\000i\000n\000e\000r\000\050\000\051}{subsection.5.2.2}% 24
\BOOKMARK [2][-]{subsection.5.2.3}{\376\377\0005\000.\0002\000.\0003\000\040\000M\000e\000m\000b\000e\000r\000\040\000F\000u\000n\000c\000t\000i\000o\000n\000\040\000D\000o\000c\000u\000m\000e\000n\000t\000a\000t\000i\000o\000n}{section.5.2}% 25
\BOOKMARK [3][-]{subsubsection.5.2.3.1}{\376\377\0005\000.\0002\000.\0003\000.\0001\000\040\000c\000l\000e\000a\000r\000A\000g\000e\000n\000t\000s\000\050\000\051}{subsection.5.2.3}% 26
\BOOKMARK [3][-]{subsubsection.5.2.3.2}{\376\377\0005\000.\0002\000.\0003\000.\0002\000\040\000g\000e\000t\000A\000g\000e\000n\000t\000\050\000u\000n\000s\000i\000g\000n\000e\000d\000\040\000i\000n\000t\000\040\000a\000g\000e\000n\000t\000I\000d\000\051}{subsection.5.2.3}% 27
\BOOKMARK [3][-]{subsubsection.5.2.3.3}{\376\377\0005\000.\0002\000.\0003\000.\0003\000\040\000g\000e\000t\000A\000g\000e\000n\000t\000s\000\050\000\051}{subsection.5.2.3}% 28
\BOOKMARK [3][-]{subsubsection.5.2.3.4}{\376\377\0005\000.\0002\000.\0003\000.\0004\000\040\000p\000u\000s\000h\000A\000g\000e\000n\000t\000\050\000A\000g\000e\000n\000t\000\040\000*\000a\000g\000e\000n\000t\000\051}{subsection.5.2.3}% 29
\BOOKMARK [3][-]{subsubsection.5.2.3.5}{\376\377\0005\000.\0002\000.\0003\000.\0005\000\040\000r\000e\000m\000o\000v\000e\000A\000g\000e\000n\000t\000\050\000u\000n\000s\000i\000g\000n\000e\000d\000\040\000i\000n\000t\000\040\000a\000g\000e\000n\000t\000I\000d\000\051}{subsection.5.2.3}% 30
\BOOKMARK [3][-]{subsubsection.5.2.3.6}{\376\377\0005\000.\0002\000.\0003\000.\0006\000\040\000s\000e\000t\000A\000g\000e\000n\000t\000s\000\050\000c\000o\000n\000s\000t\000\040\000s\000t\000d\000:\000:\000v\000e\000c\000t\000o\000r\000<\000\040\000A\000g\000e\000n\000t\000\040\000*\000\040\000>\000\040\000a\000g\000e\000n\000t\000s\000\051}{subsection.5.2.3}% 31
\BOOKMARK [1][-]{section.5.3}{\376\377\0005\000.\0003\000\040\000G\000r\000i\000d\000M\000a\000p\000:\000:\000C\000o\000m\000p\000a\000i\000r\000e\000V\000C\000e\000l\000l\000\040\000S\000t\000r\000u\000c\000t\000\040\000R\000e\000f\000e\000r\000e\000n\000c\000e}{chapter.5}% 32
\BOOKMARK [2][-]{subsection.5.3.1}{\376\377\0005\000.\0003\000.\0001\000\040\000D\000e\000t\000a\000i\000l\000e\000d\000\040\000D\000e\000s\000c\000r\000i\000p\000t\000i\000o\000n}{section.5.3}% 33
\BOOKMARK [2][-]{subsection.5.3.2}{\376\377\0005\000.\0003\000.\0002\000\040\000M\000e\000m\000b\000e\000r\000\040\000F\000u\000n\000c\000t\000i\000o\000n\000\040\000D\000o\000c\000u\000m\000e\000n\000t\000a\000t\000i\000o\000n}{section.5.3}% 34
\BOOKMARK [3][-]{subsubsection.5.3.2.1}{\376\377\0005\000.\0003\000.\0002\000.\0001\000\040\000o\000p\000e\000r\000a\000t\000o\000r\000\050\000\051\000\050\000V\000C\000e\000l\000l\000\040\000c\000o\000n\000s\000t\000\040\000a\000,\000\040\000V\000C\000e\000l\000l\000\040\000c\000o\000n\000s\000t\000\040\000b\000\051\000\040\000c\000o\000n\000s\000t\000\040}{subsection.5.3.2}% 35
\BOOKMARK [1][-]{section.5.4}{\376\377\0005\000.\0004\000\040\000D\000r\000a\000w\000n\000O\000b\000j\000e\000c\000t\000\040\000C\000l\000a\000s\000s\000\040\000R\000e\000f\000e\000r\000e\000n\000c\000e}{chapter.5}% 36
\BOOKMARK [2][-]{subsection.5.4.1}{\376\377\0005\000.\0004\000.\0001\000\040\000D\000e\000t\000a\000i\000l\000e\000d\000\040\000D\000e\000s\000c\000r\000i\000p\000t\000i\000o\000n}{section.5.4}% 37
\BOOKMARK [2][-]{subsection.5.4.2}{\376\377\0005\000.\0004\000.\0002\000\040\000C\000o\000n\000s\000t\000r\000u\000c\000t\000o\000r\000\040\000\046\000\040\000D\000e\000s\000t\000r\000u\000c\000t\000o\000r\000\040\000D\000o\000c\000u\000m\000e\000n\000t\000a\000t\000i\000o\000n}{section.5.4}% 38
\BOOKMARK [3][-]{subsubsection.5.4.2.1}{\376\377\0005\000.\0004\000.\0002\000.\0001\000\040\000D\000r\000a\000w\000n\000O\000b\000j\000e\000c\000t\000\050\000V\000e\000c\000t\000o\000r\0003\000d\000\040\000p\000o\000s\000i\000t\000i\000o\000n\000=\000V\000e\000c\000t\000o\000r\0003\000d\000\050\000\051\000,\000\040\000d\000o\000u\000b\000l\000e\000\040\000t\000h\000e\000t\000a\000=\0000\000\051}{subsection.5.4.2}% 39
\BOOKMARK [3][-]{subsubsection.5.4.2.2}{\376\377\0005\000.\0004\000.\0002\000.\0002\000\040\000\040\000D\000r\000a\000w\000n\000O\000b\000j\000e\000c\000t\000\050\000\051}{subsection.5.4.2}% 40
\BOOKMARK [2][-]{subsection.5.4.3}{\376\377\0005\000.\0004\000.\0003\000\040\000M\000e\000m\000b\000e\000r\000\040\000F\000u\000n\000c\000t\000i\000o\000n\000\040\000D\000o\000c\000u\000m\000e\000n\000t\000a\000t\000i\000o\000n}{section.5.4}% 41
\BOOKMARK [3][-]{subsubsection.5.4.3.1}{\376\377\0005\000.\0004\000.\0003\000.\0001\000\040\000p\000i\000x\000e\000l\000t\000o\000r\000e\000a\000l\000\050\000W\000o\000r\000l\000d\000\040\000*\000w\000o\000r\000l\000d\000,\000\040\000V\000e\000c\000t\000o\000r\0003\000d\000\040\000p\000\051}{subsection.5.4.3}% 42
\BOOKMARK [3][-]{subsubsection.5.4.3.2}{\376\377\0005\000.\0004\000.\0003\000.\0002\000\040\000r\000e\000a\000l\000t\000o\000p\000i\000x\000e\000l\000\050\000W\000o\000r\000l\000d\000\040\000*\000w\000o\000r\000l\000d\000,\000\040\000V\000e\000c\000t\000o\000r\0003\000d\000\040\000p\000\051}{subsection.5.4.3}% 43
\BOOKMARK [1][-]{section.5.5}{\376\377\0005\000.\0005\000\040\000F\000o\000r\000m\000a\000t\000i\000o\000n\000\040\000C\000l\000a\000s\000s\000\040\000R\000e\000f\000e\000r\000e\000n\000c\000e}{chapter.5}% 44
\BOOKMARK [2][-]{subsection.5.5.1}{\376\377\0005\000.\0005\000.\0001\000\040\000D\000e\000t\000a\000i\000l\000e\000d\000\040\000D\000e\000s\000c\000r\000i\000p\000t\000i\000o\000n}{section.5.5}% 45
\BOOKMARK [2][-]{subsection.5.5.2}{\376\377\0005\000.\0005\000.\0002\000\040\000C\000o\000n\000s\000t\000r\000u\000c\000t\000o\000r\000\040\000\046\000\040\000D\000e\000s\000t\000r\000u\000c\000t\000o\000r\000\040\000D\000o\000c\000u\000m\000e\000n\000t\000a\000t\000i\000o\000n}{section.5.5}% 46
\BOOKMARK [3][-]{subsubsection.5.5.2.1}{\376\377\0005\000.\0005\000.\0002\000.\0001\000\040\000F\000o\000r\000m\000a\000t\000i\000o\000n\000\050\000s\000t\000d\000:\000:\000v\000e\000c\000t\000o\000r\000<\000\040\000A\000g\000e\000n\000t\000\040\000*\000\040\000>\000\040\000a\000g\000e\000n\000t\000s\000,\000\040\000i\000n\000t\000\040\000i\000d\000=\0000\000\051}{subsection.5.5.2}% 47
\BOOKMARK [3][-]{subsubsection.5.5.2.2}{\376\377\0005\000.\0005\000.\0002\000.\0002\000\040\000F\000o\000r\000m\000a\000t\000i\000o\000n\000\050\000A\000g\000e\000n\000t\000\040\000*\000a\000g\000e\000n\000t\000,\000\040\000i\000n\000t\000\040\000i\000d\000=\0000\000\051}{subsection.5.5.2}% 48
\BOOKMARK [3][-]{subsubsection.5.5.2.3}{\376\377\0005\000.\0005\000.\0002\000.\0003\000\040\000F\000o\000r\000m\000a\000t\000i\000o\000n\000\050\000i\000n\000t\000\040\000i\000d\000=\0000\000\051}{subsection.5.5.2}% 49
\BOOKMARK [3][-]{subsubsection.5.5.2.4}{\376\377\0005\000.\0005\000.\0002\000.\0004\000\040\000\040\000F\000o\000r\000m\000a\000t\000i\000o\000n\000\050\000\051}{subsection.5.5.2}% 50
\BOOKMARK [2][-]{subsection.5.5.3}{\376\377\0005\000.\0005\000.\0003\000\040\000M\000e\000m\000b\000e\000r\000\040\000F\000u\000n\000c\000t\000i\000o\000n\000\040\000D\000o\000c\000u\000m\000e\000n\000t\000a\000t\000i\000o\000n}{section.5.5}% 51
\BOOKMARK [3][-]{subsubsection.5.5.3.1}{\376\377\0005\000.\0005\000.\0003\000.\0001\000\040\000g\000e\000t\000I\000n\000t\000e\000r\000a\000c\000t\000i\000o\000n\000D\000i\000r\000e\000c\000t\000i\000o\000n\000\050\000\051\000\040\000c\000o\000n\000s\000t\000\040}{subsection.5.5.3}% 52
\BOOKMARK [3][-]{subsubsection.5.5.3.2}{\376\377\0005\000.\0005\000.\0003\000.\0002\000\040\000g\000e\000t\000I\000n\000t\000e\000r\000a\000c\000t\000i\000o\000n\000P\000o\000s\000i\000t\000i\000o\000n\000\050\000\051\000\040\000c\000o\000n\000s\000t\000\040}{subsection.5.5.3}% 53
\BOOKMARK [3][-]{subsubsection.5.5.3.3}{\376\377\0005\000.\0005\000.\0003\000.\0003\000\040\000g\000e\000t\000I\000n\000t\000e\000r\000a\000c\000t\000i\000o\000n\000P\000o\000t\000e\000n\000t\000i\000a\000l\000\050\000\051\000\040\000c\000o\000n\000s\000t\000\040}{subsection.5.5.3}% 54
\BOOKMARK [3][-]{subsubsection.5.5.3.4}{\376\377\0005\000.\0005\000.\0003\000.\0004\000\040\000g\000e\000t\000S\000o\000c\000i\000a\000l\000S\000p\000a\000c\000e\000\050\000\051\000\040\000c\000o\000n\000s\000t\000\040}{subsection.5.5.3}% 55
\BOOKMARK [3][-]{subsubsection.5.5.3.5}{\376\377\0005\000.\0005\000.\0003\000.\0005\000\040\000i\000n\000i\000t\000A\000g\000e\000n\000t\000\050\000A\000g\000e\000n\000t\000\040\000*\000a\000g\000e\000n\000t\000\051}{subsection.5.5.3}% 56
\BOOKMARK [3][-]{subsubsection.5.5.3.6}{\376\377\0005\000.\0005\000.\0003\000.\0006\000\040\000i\000s\000I\000n\000F\000o\000r\000m\000a\000t\000i\000o\000n\000\050\000A\000g\000e\000n\000t\000\040\000*\000a\000g\000e\000n\000t\000\051}{subsection.5.5.3}% 57
\BOOKMARK [3][-]{subsubsection.5.5.3.7}{\376\377\0005\000.\0005\000.\0003\000.\0007\000\040\000i\000s\000I\000n\000F\000o\000r\000m\000a\000t\000i\000o\000n\000\050\000u\000n\000s\000i\000g\000n\000e\000d\000\040\000i\000n\000t\000\040\000a\000g\000e\000n\000t\000I\000d\000\051}{subsection.5.5.3}% 58
\BOOKMARK [3][-]{subsubsection.5.5.3.8}{\376\377\0005\000.\0005\000.\0003\000.\0008\000\040\000p\000u\000s\000h\000A\000g\000e\000n\000t\000\050\000A\000g\000e\000n\000t\000\040\000*\000a\000g\000e\000n\000t\000\051}{subsection.5.5.3}% 59
\BOOKMARK [3][-]{subsubsection.5.5.3.9}{\376\377\0005\000.\0005\000.\0003\000.\0009\000\040\000r\000e\000m\000o\000v\000e\000A\000g\000e\000n\000t\000\050\000u\000n\000s\000i\000g\000n\000e\000d\000\040\000i\000n\000t\000\040\000a\000g\000e\000n\000t\000I\000d\000\051}{subsection.5.5.3}% 60
\BOOKMARK [3][-]{subsubsection.5.5.3.10}{\376\377\0005\000.\0005\000.\0003\000.\0001\0000\000\040\000s\000e\000t\000I\000n\000t\000e\000r\000a\000c\000t\000i\000o\000n\000D\000i\000r\000e\000c\000t\000i\000o\000n\000\050\000c\000o\000n\000s\000t\000\040\000V\000e\000c\000t\000o\000r\0003\000d\000\040\000i\000n\000t\000e\000r\000a\000c\000t\000i\000o\000n\000D\000i\000r\000e\000c\000t\000i\000o\000n\000\051}{subsection.5.5.3}% 61
\BOOKMARK [3][-]{subsubsection.5.5.3.11}{\376\377\0005\000.\0005\000.\0003\000.\0001\0001\000\040\000s\000e\000t\000I\000n\000t\000e\000r\000a\000c\000t\000i\000o\000n\000P\000o\000s\000i\000t\000i\000o\000n\000\050\000c\000o\000n\000s\000t\000\040\000V\000e\000c\000t\000o\000r\0003\000d\000\040\000i\000n\000t\000e\000r\000a\000c\000t\000i\000o\000n\000P\000o\000s\000i\000t\000i\000o\000n\000\051}{subsection.5.5.3}% 62
\BOOKMARK [3][-]{subsubsection.5.5.3.12}{\376\377\0005\000.\0005\000.\0003\000.\0001\0002\000\040\000s\000e\000t\000I\000n\000t\000e\000r\000a\000c\000t\000i\000o\000n\000P\000o\000t\000e\000n\000t\000i\000a\000l\000\050\000d\000o\000u\000b\000l\000e\000\040\000i\000n\000t\000e\000r\000a\000c\000t\000i\000o\000n\000P\000o\000t\000e\000n\000t\000i\000a\000l\000=\0000\000\051}{subsection.5.5.3}% 63
\BOOKMARK [3][-]{subsubsection.5.5.3.13}{\376\377\0005\000.\0005\000.\0003\000.\0001\0003\000\040\000s\000e\000t\000S\000o\000c\000i\000a\000l\000S\000p\000a\000c\000e\000\050\000O\000S\000p\000a\000c\000e\000\040\000*\000s\000o\000c\000i\000a\000l\000S\000p\000a\000c\000e\000\051}{subsection.5.5.3}% 64
\BOOKMARK [1][-]{section.5.6}{\376\377\0005\000.\0006\000\040\000G\000a\000u\000s\000s\000i\000a\000n\000S\000p\000a\000c\000e\000\040\000C\000l\000a\000s\000s\000\040\000R\000e\000f\000e\000r\000e\000n\000c\000e}{chapter.5}% 65
\BOOKMARK [2][-]{subsection.5.6.1}{\376\377\0005\000.\0006\000.\0001\000\040\000D\000e\000t\000a\000i\000l\000e\000d\000\040\000D\000e\000s\000c\000r\000i\000p\000t\000i\000o\000n}{section.5.6}% 66
\BOOKMARK [2][-]{subsection.5.6.2}{\376\377\0005\000.\0006\000.\0002\000\040\000C\000o\000n\000s\000t\000r\000u\000c\000t\000o\000r\000\040\000\046\000\040\000D\000e\000s\000t\000r\000u\000c\000t\000o\000r\000\040\000D\000o\000c\000u\000m\000e\000n\000t\000a\000t\000i\000o\000n}{section.5.6}% 67
\BOOKMARK [3][-]{subsubsection.5.6.2.1}{\376\377\0005\000.\0006\000.\0002\000.\0001\000\040\000G\000a\000u\000s\000s\000i\000a\000n\000S\000p\000a\000c\000e\000\050\000A\000g\000e\000n\000t\000\040\000*\000a\000g\000e\000n\000t\000,\000\040\000i\000n\000t\000\040\000i\000d\000=\0000\000\051}{subsection.5.6.2}% 68
\BOOKMARK [3][-]{subsubsection.5.6.2.2}{\376\377\0005\000.\0006\000.\0002\000.\0002\000\040\000\040\000G\000a\000u\000s\000s\000i\000a\000n\000S\000p\000a\000c\000e\000\050\000\051}{subsection.5.6.2}% 69
\BOOKMARK [2][-]{subsection.5.6.3}{\376\377\0005\000.\0006\000.\0003\000\040\000M\000e\000m\000b\000e\000r\000\040\000F\000u\000n\000c\000t\000i\000o\000n\000\040\000D\000o\000c\000u\000m\000e\000n\000t\000a\000t\000i\000o\000n}{section.5.6}% 70
\BOOKMARK [3][-]{subsubsection.5.6.3.1}{\376\377\0005\000.\0006\000.\0003\000.\0001\000\040\000p\000h\000i\000\050\000V\000e\000c\000t\000o\000r\0003\000d\000\040\000t\000e\000s\000t\000e\000d\000R\000e\000a\000l\000P\000o\000i\000n\000t\000\051}{subsection.5.6.3}% 71
\BOOKMARK [1][-]{section.5.7}{\376\377\0005\000.\0007\000\040\000G\000r\000i\000d\000C\000e\000l\000l\000\040\000C\000l\000a\000s\000s\000\040\000R\000e\000f\000e\000r\000e\000n\000c\000e}{chapter.5}% 72
\BOOKMARK [2][-]{subsection.5.7.1}{\376\377\0005\000.\0007\000.\0001\000\040\000D\000e\000t\000a\000i\000l\000e\000d\000\040\000D\000e\000s\000c\000r\000i\000p\000t\000i\000o\000n}{section.5.7}% 73
\BOOKMARK [2][-]{subsection.5.7.2}{\376\377\0005\000.\0007\000.\0002\000\040\000C\000o\000n\000s\000t\000r\000u\000c\000t\000o\000r\000\040\000\046\000\040\000D\000e\000s\000t\000r\000u\000c\000t\000o\000r\000\040\000D\000o\000c\000u\000m\000e\000n\000t\000a\000t\000i\000o\000n}{section.5.7}% 74
\BOOKMARK [3][-]{subsubsection.5.7.2.1}{\376\377\0005\000.\0007\000.\0002\000.\0001\000\040\000G\000r\000i\000d\000C\000e\000l\000l\000\050\000d\000o\000u\000b\000l\000e\000\040\000s\000i\000z\000e\000,\000\040\000d\000o\000u\000b\000l\000e\000\040\000v\000a\000l\000u\000e\000=\0000\000,\000\040\000V\000e\000c\000t\000o\000r\0003\000d\000\040\000p\000o\000s\000i\000t\000i\000o\000n\000=\000V\000e\000c\000t\000o\000r\0003\000d\000\050\000\051\000,\000\040\000i\000n\000t\000\040\000i\000d\000=\0000\000\051}{subsection.5.7.2}% 75
\BOOKMARK [3][-]{subsubsection.5.7.2.2}{\376\377\0005\000.\0007\000.\0002\000.\0002\000\040\000\040\000G\000r\000i\000d\000C\000e\000l\000l\000\050\000\051}{subsection.5.7.2}% 76
\BOOKMARK [2][-]{subsection.5.7.3}{\376\377\0005\000.\0007\000.\0003\000\040\000M\000e\000m\000b\000e\000r\000\040\000F\000u\000n\000c\000t\000i\000o\000n\000\040\000D\000o\000c\000u\000m\000e\000n\000t\000a\000t\000i\000o\000n}{section.5.7}% 77
\BOOKMARK [3][-]{subsubsection.5.7.3.1}{\376\377\0005\000.\0007\000.\0003\000.\0001\000\040\000g\000e\000t\000A\000S\000t\000a\000r\000S\000c\000o\000r\000e\000\050\000\051\000\040\000c\000o\000n\000s\000t\000\040}{subsection.5.7.3}% 78
\BOOKMARK [3][-]{subsubsection.5.7.3.2}{\376\377\0005\000.\0007\000.\0003\000.\0002\000\040\000g\000e\000t\000S\000i\000z\000e\000\050\000\051\000\040\000c\000o\000n\000s\000t\000\040}{subsection.5.7.3}% 79
\BOOKMARK [3][-]{subsubsection.5.7.3.3}{\376\377\0005\000.\0007\000.\0003\000.\0003\000\040\000g\000e\000t\000V\000a\000l\000u\000e\000\050\000\051\000\040\000c\000o\000n\000s\000t\000\040}{subsection.5.7.3}% 80
\BOOKMARK [3][-]{subsubsection.5.7.3.4}{\376\377\0005\000.\0007\000.\0003\000.\0004\000\040\000i\000s\000B\000o\000r\000d\000e\000r\000E\000n\000a\000b\000l\000e\000d\000\050\000\051\000\040\000c\000o\000n\000s\000t\000\040}{subsection.5.7.3}% 81
\BOOKMARK [3][-]{subsubsection.5.7.3.5}{\376\377\0005\000.\0007\000.\0003\000.\0005\000\040\000i\000s\000C\000e\000l\000l\000S\000e\000l\000e\000c\000t\000e\000d\000\050\000\051\000\040\000c\000o\000n\000s\000t\000\040}{subsection.5.7.3}% 82
\BOOKMARK [3][-]{subsubsection.5.7.3.6}{\376\377\0005\000.\0007\000.\0003\000.\0006\000\040\000i\000s\000F\000r\000o\000n\000t\000i\000e\000r\000\050\000\051\000\040\000c\000o\000n\000s\000t\000\040}{subsection.5.7.3}% 83
\BOOKMARK [3][-]{subsubsection.5.7.3.7}{\376\377\0005\000.\0007\000.\0003\000.\0007\000\040\000i\000s\000G\000o\000a\000l\000\050\000\051\000\040\000c\000o\000n\000s\000t\000\040}{subsection.5.7.3}% 84
\BOOKMARK [3][-]{subsubsection.5.7.3.8}{\376\377\0005\000.\0007\000.\0003\000.\0008\000\040\000i\000s\000I\000n\000f\000o\000E\000n\000a\000b\000l\000e\000d\000\050\000\051\000\040\000c\000o\000n\000s\000t\000\040}{subsection.5.7.3}% 85
\BOOKMARK [3][-]{subsubsection.5.7.3.9}{\376\377\0005\000.\0007\000.\0003\000.\0009\000\040\000i\000s\000P\000r\000o\000c\000e\000s\000s\000e\000d\000\050\000\051\000\040\000c\000o\000n\000s\000t\000\040}{subsection.5.7.3}% 86
\BOOKMARK [3][-]{subsubsection.5.7.3.10}{\376\377\0005\000.\0007\000.\0003\000.\0001\0000\000\040\000i\000s\000S\000t\000a\000r\000t\000\050\000\051\000\040\000c\000o\000n\000s\000t\000\040}{subsection.5.7.3}% 87
\BOOKMARK [3][-]{subsubsection.5.7.3.11}{\376\377\0005\000.\0007\000.\0003\000.\0001\0001\000\040\000s\000e\000t\000A\000S\000t\000a\000r\000S\000c\000o\000r\000e\000\050\000i\000n\000t\000\040\000s\000t\000a\000r\000S\000c\000o\000r\000e\000\051}{subsection.5.7.3}% 88
\BOOKMARK [3][-]{subsubsection.5.7.3.12}{\376\377\0005\000.\0007\000.\0003\000.\0001\0002\000\040\000s\000e\000t\000B\000o\000r\000d\000e\000r\000E\000n\000a\000b\000l\000e\000d\000\050\000b\000o\000o\000l\000\040\000b\000o\000r\000d\000e\000r\000E\000n\000a\000b\000l\000e\000d\000=\000t\000r\000u\000e\000\051}{subsection.5.7.3}% 89
\BOOKMARK [3][-]{subsubsection.5.7.3.13}{\376\377\0005\000.\0007\000.\0003\000.\0001\0003\000\040\000s\000e\000t\000C\000e\000l\000l\000S\000e\000l\000e\000c\000t\000e\000d\000\050\000b\000o\000o\000l\000\040\000c\000e\000l\000l\000S\000e\000l\000e\000c\000t\000e\000d\000=\000t\000r\000u\000e\000\051}{subsection.5.7.3}% 90
\BOOKMARK [3][-]{subsubsection.5.7.3.14}{\376\377\0005\000.\0007\000.\0003\000.\0001\0004\000\040\000s\000e\000t\000F\000r\000o\000n\000t\000i\000e\000r\000\050\000b\000o\000o\000l\000\040\000f\000r\000o\000n\000t\000i\000e\000r\000=\000t\000r\000u\000e\000\051}{subsection.5.7.3}% 91
\BOOKMARK [3][-]{subsubsection.5.7.3.15}{\376\377\0005\000.\0007\000.\0003\000.\0001\0005\000\040\000s\000e\000t\000G\000o\000a\000l\000\050\000b\000o\000o\000l\000\040\000g\000o\000a\000l\000=\000t\000r\000u\000e\000\051}{subsection.5.7.3}% 92
\BOOKMARK [3][-]{subsubsection.5.7.3.16}{\376\377\0005\000.\0007\000.\0003\000.\0001\0006\000\040\000s\000e\000t\000I\000n\000f\000o\000E\000n\000a\000b\000l\000e\000d\000\050\000b\000o\000o\000l\000\040\000i\000n\000f\000o\000E\000n\000a\000b\000l\000e\000d\000=\000t\000r\000u\000e\000\051}{subsection.5.7.3}% 93
\BOOKMARK [3][-]{subsubsection.5.7.3.17}{\376\377\0005\000.\0007\000.\0003\000.\0001\0007\000\040\000s\000e\000t\000P\000r\000o\000c\000e\000s\000s\000e\000d\000\050\000b\000o\000o\000l\000\040\000p\000r\000o\000c\000e\000s\000s\000e\000d\000=\000t\000r\000u\000e\000\051}{subsection.5.7.3}% 94
\BOOKMARK [3][-]{subsubsection.5.7.3.18}{\376\377\0005\000.\0007\000.\0003\000.\0001\0008\000\040\000s\000e\000t\000S\000i\000z\000e\000\050\000d\000o\000u\000b\000l\000e\000\040\000s\000i\000z\000e\000\051}{subsection.5.7.3}% 95
\BOOKMARK [3][-]{subsubsection.5.7.3.19}{\376\377\0005\000.\0007\000.\0003\000.\0001\0009\000\040\000s\000e\000t\000S\000t\000a\000r\000t\000\050\000b\000o\000o\000l\000\040\000s\000t\000a\000r\000t\000=\000t\000r\000u\000e\000\051}{subsection.5.7.3}% 96
\BOOKMARK [3][-]{subsubsection.5.7.3.20}{\376\377\0005\000.\0007\000.\0003\000.\0002\0000\000\040\000s\000e\000t\000V\000a\000l\000u\000e\000\050\000d\000o\000u\000b\000l\000e\000\040\000v\000a\000l\000u\000e\000\051}{subsection.5.7.3}% 97
\BOOKMARK [1][-]{section.5.8}{\376\377\0005\000.\0008\000\040\000G\000r\000i\000d\000M\000a\000p\000\040\000C\000l\000a\000s\000s\000\040\000R\000e\000f\000e\000r\000e\000n\000c\000e}{chapter.5}% 98
\BOOKMARK [2][-]{subsection.5.8.1}{\376\377\0005\000.\0008\000.\0001\000\040\000D\000e\000t\000a\000i\000l\000e\000d\000\040\000D\000e\000s\000c\000r\000i\000p\000t\000i\000o\000n}{section.5.8}% 99
\BOOKMARK [2][-]{subsection.5.8.2}{\376\377\0005\000.\0008\000.\0002\000\040\000C\000o\000n\000s\000t\000r\000u\000c\000t\000o\000r\000\040\000\046\000\040\000D\000e\000s\000t\000r\000u\000c\000t\000o\000r\000\040\000D\000o\000c\000u\000m\000e\000n\000t\000a\000t\000i\000o\000n}{section.5.8}% 100
\BOOKMARK [3][-]{subsubsection.5.8.2.1}{\376\377\0005\000.\0008\000.\0002\000.\0001\000\040\000G\000r\000i\000d\000M\000a\000p\000\050\000W\000o\000r\000l\000d\000\040\000*\000w\000o\000r\000l\000d\000,\000\040\000P\000o\000p\000u\000l\000a\000t\000i\000o\000n\000\040\000*\000p\000o\000p\000,\000\040\000d\000o\000u\000b\000l\000e\000\040\000r\000e\000s\000o\000l\000u\000t\000i\000o\000n\000=\0000\000.\0001\000\051}{subsection.5.8.2}% 101
\BOOKMARK [3][-]{subsubsection.5.8.2.2}{\376\377\0005\000.\0008\000.\0002\000.\0002\000\040\000\040\000G\000r\000i\000d\000M\000a\000p\000\050\000\051}{subsection.5.8.2}% 102
\BOOKMARK [2][-]{subsection.5.8.3}{\376\377\0005\000.\0008\000.\0003\000\040\000M\000e\000m\000b\000e\000r\000\040\000F\000u\000n\000c\000t\000i\000o\000n\000\040\000D\000o\000c\000u\000m\000e\000n\000t\000a\000t\000i\000o\000n}{section.5.8}% 103
\BOOKMARK [3][-]{subsubsection.5.8.3.1}{\376\377\0005\000.\0008\000.\0003\000.\0001\000\040\000c\000o\000n\000s\000t\000r\000u\000c\000t\000P\000a\000t\000h\000\050\000\051}{subsection.5.8.3}% 104
\BOOKMARK [3][-]{subsubsection.5.8.3.2}{\376\377\0005\000.\0008\000.\0003\000.\0002\000\040\000f\000i\000n\000d\000P\000a\000t\000h\000\050\000G\000r\000i\000d\000C\000e\000l\000l\000\040\000*\000s\000t\000a\000r\000t\000C\000e\000l\000l\000,\000\040\000G\000r\000i\000d\000C\000e\000l\000l\000\040\000*\000e\000n\000d\000C\000e\000l\000l\000\051}{subsection.5.8.3}% 105
\BOOKMARK [3][-]{subsubsection.5.8.3.3}{\376\377\0005\000.\0008\000.\0003\000.\0003\000\040\000g\000e\000t\000C\000e\000l\000l\000\050\000u\000n\000s\000i\000g\000n\000e\000d\000\040\000i\000n\000t\000\040\000c\000e\000l\000l\000I\000d\000\051}{subsection.5.8.3}% 106
\BOOKMARK [3][-]{subsubsection.5.8.3.4}{\376\377\0005\000.\0008\000.\0003\000.\0004\000\040\000g\000e\000t\000C\000e\000l\000l\000\050\000d\000o\000u\000b\000l\000e\000\040\000x\000,\000\040\000d\000o\000u\000b\000l\000e\000\040\000y\000\051}{subsection.5.8.3}% 107
\BOOKMARK [3][-]{subsubsection.5.8.3.5}{\376\377\0005\000.\0008\000.\0003\000.\0005\000\040\000i\000s\000B\000o\000r\000d\000e\000r\000E\000n\000a\000b\000l\000e\000d\000\050\000\051\000\040\000c\000o\000n\000s\000t\000\040}{subsection.5.8.3}% 108
\BOOKMARK [3][-]{subsubsection.5.8.3.6}{\376\377\0005\000.\0008\000.\0003\000.\0006\000\040\000i\000s\000G\000r\000o\000u\000p\000S\000p\000a\000c\000e\000E\000n\000a\000b\000l\000e\000d\000\050\000\051\000\040\000c\000o\000n\000s\000t\000\040}{subsection.5.8.3}% 109
\BOOKMARK [3][-]{subsubsection.5.8.3.7}{\376\377\0005\000.\0008\000.\0003\000.\0007\000\040\000i\000s\000P\000e\000r\000s\000o\000n\000a\000l\000S\000p\000a\000c\000e\000E\000n\000a\000b\000l\000e\000d\000\050\000\051\000\040\000c\000o\000n\000s\000t\000\040}{subsection.5.8.3}% 110
\BOOKMARK [3][-]{subsubsection.5.8.3.8}{\376\377\0005\000.\0008\000.\0003\000.\0008\000\040\000n\000e\000i\000g\000h\000b\000o\000r\000s\000\050\000G\000r\000i\000d\000C\000e\000l\000l\000\040\000*\000c\000e\000l\000l\000,\000\040\000b\000o\000o\000l\000\040\000a\000l\000l\000o\000w\000D\000i\000a\000g\000o\000n\000a\000l\000M\000o\000v\000e\000=\000t\000r\000u\000e\000\051}{subsection.5.8.3}% 111
\BOOKMARK [3][-]{subsubsection.5.8.3.9}{\376\377\0005\000.\0008\000.\0003\000.\0009\000\040\000p\000a\000t\000h\000F\000i\000n\000d\000e\000r\000N\000e\000x\000t\000S\000t\000e\000p\000\050\000\051}{subsection.5.8.3}% 112
\BOOKMARK [3][-]{subsubsection.5.8.3.10}{\376\377\0005\000.\0008\000.\0003\000.\0001\0000\000\040\000s\000e\000t\000B\000o\000r\000d\000e\000r\000E\000n\000a\000b\000l\000e\000d\000\050\000b\000o\000o\000l\000\040\000b\000o\000r\000d\000e\000r\000E\000n\000a\000b\000l\000e\000d\000=\000t\000r\000u\000e\000\051}{subsection.5.8.3}% 113
\BOOKMARK [3][-]{subsubsection.5.8.3.11}{\376\377\0005\000.\0008\000.\0003\000.\0001\0001\000\040\000s\000e\000t\000G\000r\000o\000u\000p\000S\000p\000a\000c\000e\000E\000n\000a\000b\000l\000e\000d\000\050\000b\000o\000o\000l\000\040\000g\000r\000o\000u\000p\000S\000p\000a\000c\000e\000E\000n\000a\000b\000l\000e\000d\000=\000t\000r\000u\000e\000\051}{subsection.5.8.3}% 114
\BOOKMARK [3][-]{subsubsection.5.8.3.12}{\376\377\0005\000.\0008\000.\0003\000.\0001\0002\000\040\000s\000e\000t\000I\000n\000f\000o\000E\000n\000a\000b\000l\000e\000d\000\050\000b\000o\000o\000l\000\040\000i\000n\000f\000o\000E\000n\000a\000b\000l\000e\000d\000=\000f\000a\000l\000s\000e\000\051}{subsection.5.8.3}% 115
\BOOKMARK [3][-]{subsubsection.5.8.3.13}{\376\377\0005\000.\0008\000.\0003\000.\0001\0003\000\040\000s\000e\000t\000P\000e\000r\000s\000o\000n\000a\000l\000S\000p\000a\000c\000e\000E\000n\000a\000b\000l\000e\000d\000\050\000b\000o\000o\000l\000\040\000p\000e\000r\000s\000o\000n\000a\000l\000S\000p\000a\000c\000e\000E\000n\000a\000b\000l\000e\000d\000=\000t\000r\000u\000e\000\051}{subsection.5.8.3}% 116
\BOOKMARK [1][-]{section.5.9}{\376\377\0005\000.\0009\000\040\000G\000r\000o\000u\000p\000D\000e\000t\000e\000c\000t\000o\000r\000\040\000C\000l\000a\000s\000s\000\040\000R\000e\000f\000e\000r\000e\000n\000c\000e}{chapter.5}% 117
\BOOKMARK [2][-]{subsection.5.9.1}{\376\377\0005\000.\0009\000.\0001\000\040\000D\000e\000t\000a\000i\000l\000e\000d\000\040\000D\000e\000s\000c\000r\000i\000p\000t\000i\000o\000n}{section.5.9}% 118
\BOOKMARK [2][-]{subsection.5.9.2}{\376\377\0005\000.\0009\000.\0002\000\040\000C\000o\000n\000s\000t\000r\000u\000c\000t\000o\000r\000\040\000\046\000\040\000D\000e\000s\000t\000r\000u\000c\000t\000o\000r\000\040\000D\000o\000c\000u\000m\000e\000n\000t\000a\000t\000i\000o\000n}{section.5.9}% 119
\BOOKMARK [3][-]{subsubsection.5.9.2.1}{\376\377\0005\000.\0009\000.\0002\000.\0001\000\040\000G\000r\000o\000u\000p\000D\000e\000t\000e\000c\000t\000o\000r\000\050\000P\000o\000p\000u\000l\000a\000t\000i\000o\000n\000\040\000*\000p\000o\000p\000\051}{subsection.5.9.2}% 120
\BOOKMARK [3][-]{subsubsection.5.9.2.2}{\376\377\0005\000.\0009\000.\0002\000.\0002\000\040\000\040\000G\000r\000o\000u\000p\000D\000e\000t\000e\000c\000t\000o\000r\000\050\000\051}{subsection.5.9.2}% 121
\BOOKMARK [1][-]{section.5.10}{\376\377\0005\000.\0001\0000\000\040\000G\000r\000o\000u\000p\000S\000o\000c\000i\000a\000l\000S\000p\000a\000c\000e\000\040\000C\000l\000a\000s\000s\000\040\000R\000e\000f\000e\000r\000e\000n\000c\000e}{chapter.5}% 122
\BOOKMARK [2][-]{subsection.5.10.1}{\376\377\0005\000.\0001\0000\000.\0001\000\040\000D\000e\000t\000a\000i\000l\000e\000d\000\040\000D\000e\000s\000c\000r\000i\000p\000t\000i\000o\000n}{section.5.10}% 123
\BOOKMARK [2][-]{subsection.5.10.2}{\376\377\0005\000.\0001\0000\000.\0002\000\040\000C\000o\000n\000s\000t\000r\000u\000c\000t\000o\000r\000\040\000\046\000\040\000D\000e\000s\000t\000r\000u\000c\000t\000o\000r\000\040\000D\000o\000c\000u\000m\000e\000n\000t\000a\000t\000i\000o\000n}{section.5.10}% 124
\BOOKMARK [3][-]{subsubsection.5.10.2.1}{\376\377\0005\000.\0001\0000\000.\0002\000.\0001\000\040\000G\000r\000o\000u\000p\000S\000o\000c\000i\000a\000l\000S\000p\000a\000c\000e\000\050\000i\000n\000t\000\040\000i\000d\000=\0000\000\051}{subsection.5.10.2}% 125
\BOOKMARK [3][-]{subsubsection.5.10.2.2}{\376\377\0005\000.\0001\0000\000.\0002\000.\0002\000\040\000G\000r\000o\000u\000p\000S\000o\000c\000i\000a\000l\000S\000p\000a\000c\000e\000\050\000s\000t\000d\000:\000:\000v\000e\000c\000t\000o\000r\000<\000\040\000A\000g\000e\000n\000t\000\040\000*\000\040\000>\000\040\000a\000g\000e\000n\000t\000s\000,\000\040\000i\000n\000t\000\040\000i\000d\000=\0000\000\051}{subsection.5.10.2}% 126
\BOOKMARK [3][-]{subsubsection.5.10.2.3}{\376\377\0005\000.\0001\0000\000.\0002\000.\0003\000\040\000\040\000G\000r\000o\000u\000p\000S\000o\000c\000i\000a\000l\000S\000p\000a\000c\000e\000\050\000\051}{subsection.5.10.2}% 127
\BOOKMARK [1][-]{section.5.11}{\376\377\0005\000.\0001\0001\000\040\000G\000u\000i\000\040\000C\000l\000a\000s\000s\000\040\000R\000e\000f\000e\000r\000e\000n\000c\000e}{chapter.5}% 128
\BOOKMARK [2][-]{subsection.5.11.1}{\376\377\0005\000.\0001\0001\000.\0001\000\040\000D\000e\000t\000a\000i\000l\000e\000d\000\040\000D\000e\000s\000c\000r\000i\000p\000t\000i\000o\000n}{section.5.11}% 129
\BOOKMARK [1][-]{section.5.12}{\376\377\0005\000.\0001\0002\000\040\000I\000d\000e\000n\000t\000i\000f\000i\000e\000d\000O\000b\000j\000e\000c\000t\000\040\000C\000l\000a\000s\000s\000\040\000R\000e\000f\000e\000r\000e\000n\000c\000e}{chapter.5}% 130
\BOOKMARK [2][-]{subsection.5.12.1}{\376\377\0005\000.\0001\0002\000.\0001\000\040\000D\000e\000t\000a\000i\000l\000e\000d\000\040\000D\000e\000s\000c\000r\000i\000p\000t\000i\000o\000n}{section.5.12}% 131
\BOOKMARK [2][-]{subsection.5.12.2}{\376\377\0005\000.\0001\0002\000.\0002\000\040\000C\000o\000n\000s\000t\000r\000u\000c\000t\000o\000r\000\040\000\046\000\040\000D\000e\000s\000t\000r\000u\000c\000t\000o\000r\000\040\000D\000o\000c\000u\000m\000e\000n\000t\000a\000t\000i\000o\000n}{section.5.12}% 132
\BOOKMARK [3][-]{subsubsection.5.12.2.1}{\376\377\0005\000.\0001\0002\000.\0002\000.\0001\000\040\000I\000d\000e\000n\000t\000i\000f\000i\000e\000d\000O\000b\000j\000e\000c\000t\000\050\000u\000n\000s\000i\000g\000n\000e\000d\000\040\000i\000n\000t\000\040\000i\000d\000=\0000\000\051}{subsection.5.12.2}% 133
\BOOKMARK [3][-]{subsubsection.5.12.2.2}{\376\377\0005\000.\0001\0002\000.\0002\000.\0002\000\040\000\040\000I\000d\000e\000n\000t\000i\000f\000i\000e\000d\000O\000b\000j\000e\000c\000t\000\050\000\051}{subsection.5.12.2}% 134
\BOOKMARK [2][-]{subsection.5.12.3}{\376\377\0005\000.\0001\0002\000.\0003\000\040\000M\000e\000m\000b\000e\000r\000\040\000F\000u\000n\000c\000t\000i\000o\000n\000\040\000D\000o\000c\000u\000m\000e\000n\000t\000a\000t\000i\000o\000n}{section.5.12}% 135
\BOOKMARK [3][-]{subsubsection.5.12.3.1}{\376\377\0005\000.\0001\0002\000.\0003\000.\0001\000\040\000g\000e\000t\000I\000d\000\050\000\051\000\040\000c\000o\000n\000s\000t\000\040}{subsection.5.12.3}% 136
\BOOKMARK [3][-]{subsubsection.5.12.3.2}{\376\377\0005\000.\0001\0002\000.\0003\000.\0002\000\040\000s\000e\000t\000I\000d\000\050\000u\000n\000s\000i\000g\000n\000e\000d\000\040\000i\000n\000t\000\040\000i\000d\000\051}{subsection.5.12.3}% 137
\BOOKMARK [1][-]{section.5.13}{\376\377\0005\000.\0001\0003\000\040\000L\000o\000c\000a\000l\000i\000z\000e\000d\000O\000b\000j\000e\000c\000t\000\040\000C\000l\000a\000s\000s\000\040\000R\000e\000f\000e\000r\000e\000n\000c\000e}{chapter.5}% 138
\BOOKMARK [2][-]{subsection.5.13.1}{\376\377\0005\000.\0001\0003\000.\0001\000\040\000D\000e\000t\000a\000i\000l\000e\000d\000\040\000D\000e\000s\000c\000r\000i\000p\000t\000i\000o\000n}{section.5.13}% 139
\BOOKMARK [2][-]{subsection.5.13.2}{\376\377\0005\000.\0001\0003\000.\0002\000\040\000C\000o\000n\000s\000t\000r\000u\000c\000t\000o\000r\000\040\000\046\000\040\000D\000e\000s\000t\000r\000u\000c\000t\000o\000r\000\040\000D\000o\000c\000u\000m\000e\000n\000t\000a\000t\000i\000o\000n}{section.5.13}% 140
\BOOKMARK [3][-]{subsubsection.5.13.2.1}{\376\377\0005\000.\0001\0003\000.\0002\000.\0001\000\040\000L\000o\000c\000a\000l\000i\000z\000e\000d\000O\000b\000j\000e\000c\000t\000\050\000V\000e\000c\000t\000o\000r\0003\000d\000\040\000p\000o\000s\000i\000t\000i\000o\000n\000=\000V\000e\000c\000t\000o\000r\0003\000d\000\050\000\051\000,\000\040\000d\000o\000u\000b\000l\000e\000\040\000t\000h\000e\000t\000a\000=\0000\000\051}{subsection.5.13.2}% 141
\BOOKMARK [3][-]{subsubsection.5.13.2.2}{\376\377\0005\000.\0001\0003\000.\0002\000.\0002\000\040\000\040\000L\000o\000c\000a\000l\000i\000z\000e\000d\000O\000b\000j\000e\000c\000t\000\050\000\051}{subsection.5.13.2}% 142
\BOOKMARK [2][-]{subsection.5.13.3}{\376\377\0005\000.\0001\0003\000.\0003\000\040\000M\000e\000m\000b\000e\000r\000\040\000F\000u\000n\000c\000t\000i\000o\000n\000\040\000D\000o\000c\000u\000m\000e\000n\000t\000a\000t\000i\000o\000n}{section.5.13}% 143
\BOOKMARK [3][-]{subsubsection.5.13.3.1}{\376\377\0005\000.\0001\0003\000.\0003\000.\0001\000\040\000g\000e\000t\000D\000i\000r\000e\000c\000t\000i\000o\000n\000\050\000\051}{subsection.5.13.3}% 144
\BOOKMARK [3][-]{subsubsection.5.13.3.2}{\376\377\0005\000.\0001\0003\000.\0003\000.\0002\000\040\000g\000e\000t\000P\000o\000s\000i\000t\000i\000o\000n\000\050\000\051\000\040\000c\000o\000n\000s\000t\000\040}{subsection.5.13.3}% 145
\BOOKMARK [3][-]{subsubsection.5.13.3.3}{\376\377\0005\000.\0001\0003\000.\0003\000.\0003\000\040\000g\000e\000t\000T\000h\000e\000t\000a\000\050\000\051\000\040\000c\000o\000n\000s\000t\000\040}{subsection.5.13.3}% 146
\BOOKMARK [3][-]{subsubsection.5.13.3.4}{\376\377\0005\000.\0001\0003\000.\0003\000.\0004\000\040\000g\000e\000t\000X\000\050\000\051\000\040\000c\000o\000n\000s\000t\000\040}{subsection.5.13.3}% 147
\BOOKMARK [3][-]{subsubsection.5.13.3.5}{\376\377\0005\000.\0001\0003\000.\0003\000.\0005\000\040\000g\000e\000t\000Y\000\050\000\051\000\040\000c\000o\000n\000s\000t\000\040}{subsection.5.13.3}% 148
\BOOKMARK [3][-]{subsubsection.5.13.3.6}{\376\377\0005\000.\0001\0003\000.\0003\000.\0006\000\040\000s\000e\000t\000P\000o\000s\000i\000t\000i\000o\000n\000\050\000V\000e\000c\000t\000o\000r\0003\000d\000\040\000p\000o\000s\000i\000t\000i\000o\000n\000\051}{subsection.5.13.3}% 149
\BOOKMARK [3][-]{subsubsection.5.13.3.7}{\376\377\0005\000.\0001\0003\000.\0003\000.\0007\000\040\000s\000e\000t\000T\000h\000e\000t\000a\000\050\000d\000o\000u\000b\000l\000e\000\040\000t\000h\000e\000t\000a\000\051}{subsection.5.13.3}% 150
\BOOKMARK [3][-]{subsubsection.5.13.3.8}{\376\377\0005\000.\0001\0003\000.\0003\000.\0008\000\040\000s\000e\000t\000X\000\050\000d\000o\000u\000b\000l\000e\000\040\000x\000\051}{subsection.5.13.3}% 151
\BOOKMARK [3][-]{subsubsection.5.13.3.9}{\376\377\0005\000.\0001\0003\000.\0003\000.\0009\000\040\000s\000e\000t\000Y\000\050\000d\000o\000u\000b\000l\000e\000\040\000y\000\051}{subsection.5.13.3}% 152
\BOOKMARK [1][-]{section.5.14}{\376\377\0005\000.\0001\0004\000\040\000o\000f\000A\000p\000p\000\040\000C\000l\000a\000s\000s\000\040\000R\000e\000f\000e\000r\000e\000n\000c\000e}{chapter.5}% 153
\BOOKMARK [2][-]{subsection.5.14.1}{\376\377\0005\000.\0001\0004\000.\0001\000\040\000D\000e\000t\000a\000i\000l\000e\000d\000\040\000D\000e\000s\000c\000r\000i\000p\000t\000i\000o\000n}{section.5.14}% 154
\BOOKMARK [1][-]{section.5.15}{\376\377\0005\000.\0001\0005\000\040\000O\000S\000p\000a\000c\000e\000\040\000C\000l\000a\000s\000s\000\040\000R\000e\000f\000e\000r\000e\000n\000c\000e}{chapter.5}% 155
\BOOKMARK [2][-]{subsection.5.15.1}{\376\377\0005\000.\0001\0005\000.\0001\000\040\000D\000e\000t\000a\000i\000l\000e\000d\000\040\000D\000e\000s\000c\000r\000i\000p\000t\000i\000o\000n}{section.5.15}% 156
\BOOKMARK [2][-]{subsection.5.15.2}{\376\377\0005\000.\0001\0005\000.\0002\000\040\000C\000o\000n\000s\000t\000r\000u\000c\000t\000o\000r\000\040\000\046\000\040\000D\000e\000s\000t\000r\000u\000c\000t\000o\000r\000\040\000D\000o\000c\000u\000m\000e\000n\000t\000a\000t\000i\000o\000n}{section.5.15}% 157
\BOOKMARK [3][-]{subsubsection.5.15.2.1}{\376\377\0005\000.\0001\0005\000.\0002\000.\0001\000\040\000O\000S\000p\000a\000c\000e\000\050\000i\000n\000t\000\040\000i\000d\000=\0000\000\051}{subsection.5.15.2}% 158
\BOOKMARK [3][-]{subsubsection.5.15.2.2}{\376\377\0005\000.\0001\0005\000.\0002\000.\0002\000\040\000O\000S\000p\000a\000c\000e\000\050\000s\000t\000d\000:\000:\000v\000e\000c\000t\000o\000r\000<\000\040\000A\000g\000e\000n\000t\000\040\000*\000\040\000>\000\040\000a\000g\000e\000n\000t\000s\000,\000\040\000i\000n\000t\000\040\000i\000d\000=\0000\000\051}{subsection.5.15.2}% 159
\BOOKMARK [3][-]{subsubsection.5.15.2.3}{\376\377\0005\000.\0001\0005\000.\0002\000.\0003\000\040\000\040\000O\000S\000p\000a\000c\000e\000\050\000\051}{subsection.5.15.2}% 160
\BOOKMARK [2][-]{subsection.5.15.3}{\376\377\0005\000.\0001\0005\000.\0003\000\040\000M\000e\000m\000b\000e\000r\000\040\000F\000u\000n\000c\000t\000i\000o\000n\000\040\000D\000o\000c\000u\000m\000e\000n\000t\000a\000t\000i\000o\000n}{section.5.15}% 161
\BOOKMARK [3][-]{subsubsection.5.15.3.1}{\376\377\0005\000.\0001\0005\000.\0003\000.\0001\000\040\000c\000o\000m\000p\000u\000t\000e\000C\000o\000v\000a\000r\000M\000a\000t\000r\000i\000x\000\050\000\051}{subsection.5.15.3}% 162
\BOOKMARK [3][-]{subsubsection.5.15.3.2}{\376\377\0005\000.\0001\0005\000.\0003\000.\0002\000\040\000g\000e\000t\000C\000e\000n\000t\000e\000r\000\050\000\051\000\040\000c\000o\000n\000s\000t\000\040}{subsection.5.15.3}% 163
\BOOKMARK [3][-]{subsubsection.5.15.3.3}{\376\377\0005\000.\0001\0005\000.\0003\000.\0003\000\040\000g\000e\000t\000g\000C\000e\000n\000t\000e\000r\000\050\000\051\000\040\000c\000o\000n\000s\000t\000\040}{subsection.5.15.3}% 164
\BOOKMARK [3][-]{subsubsection.5.15.3.4}{\376\377\0005\000.\0001\0005\000.\0003\000.\0004\000\040\000l\000e\000s\000s\000\050\000V\000e\000c\000t\000o\000r\0003\000d\000\040\000a\000,\000\040\000V\000e\000c\000t\000o\000r\0003\000d\000\040\000b\000\051}{subsection.5.15.3}% 165
\BOOKMARK [3][-]{subsubsection.5.15.3.5}{\376\377\0005\000.\0001\0005\000.\0003\000.\0005\000\040\000p\000h\000i\000\050\000V\000e\000c\000t\000o\000r\0003\000d\000\040\000t\000e\000s\000t\000e\000d\000P\000o\000i\000n\000t\000\051}{subsection.5.15.3}% 166
\BOOKMARK [3][-]{subsubsection.5.15.3.6}{\376\377\0005\000.\0001\0005\000.\0003\000.\0006\000\040\000s\000e\000t\000C\000e\000n\000t\000e\000r\000\050\000c\000o\000n\000s\000t\000\040\000V\000e\000c\000t\000o\000r\0003\000d\000\040\000c\000e\000n\000t\000e\000r\000\051}{subsection.5.15.3}% 167
\BOOKMARK [3][-]{subsubsection.5.15.3.7}{\376\377\0005\000.\0001\0005\000.\0003\000.\0007\000\040\000s\000e\000t\000g\000C\000e\000n\000t\000e\000r\000\050\000c\000o\000n\000s\000t\000\040\000V\000e\000c\000t\000o\000r\0003\000d\000\040\000g\000C\000e\000n\000t\000e\000r\000\051}{subsection.5.15.3}% 168
\BOOKMARK [1][-]{section.5.16}{\376\377\0005\000.\0001\0006\000\040\000P\000e\000r\000s\000o\000n\000n\000a\000l\000S\000o\000c\000i\000a\000l\000S\000p\000a\000c\000e\000\040\000C\000l\000a\000s\000s\000\040\000R\000e\000f\000e\000r\000e\000n\000c\000e}{chapter.5}% 169
\BOOKMARK [2][-]{subsection.5.16.1}{\376\377\0005\000.\0001\0006\000.\0001\000\040\000D\000e\000t\000a\000i\000l\000e\000d\000\040\000D\000e\000s\000c\000r\000i\000p\000t\000i\000o\000n}{section.5.16}% 170
\BOOKMARK [2][-]{subsection.5.16.2}{\376\377\0005\000.\0001\0006\000.\0002\000\040\000C\000o\000n\000s\000t\000r\000u\000c\000t\000o\000r\000\040\000\046\000\040\000D\000e\000s\000t\000r\000u\000c\000t\000o\000r\000\040\000D\000o\000c\000u\000m\000e\000n\000t\000a\000t\000i\000o\000n}{section.5.16}% 171
\BOOKMARK [3][-]{subsubsection.5.16.2.1}{\376\377\0005\000.\0001\0006\000.\0002\000.\0001\000\040\000P\000e\000r\000s\000o\000n\000n\000a\000l\000S\000o\000c\000i\000a\000l\000S\000p\000a\000c\000e\000\050\000A\000g\000e\000n\000t\000\040\000*\000a\000g\000e\000n\000t\000,\000\040\000i\000n\000t\000\040\000i\000d\000=\0000\000\051}{subsection.5.16.2}% 172
\BOOKMARK [3][-]{subsubsection.5.16.2.2}{\376\377\0005\000.\0001\0006\000.\0002\000.\0002\000\040\000\040\000P\000e\000r\000s\000o\000n\000n\000a\000l\000S\000o\000c\000i\000a\000l\000S\000p\000a\000c\000e\000\050\000\051}{subsection.5.16.2}% 173
\BOOKMARK [1][-]{section.5.17}{\376\377\0005\000.\0001\0007\000\040\000P\000o\000p\000u\000l\000a\000t\000i\000o\000n\000\040\000C\000l\000a\000s\000s\000\040\000R\000e\000f\000e\000r\000e\000n\000c\000e}{chapter.5}% 174
\BOOKMARK [2][-]{subsection.5.17.1}{\376\377\0005\000.\0001\0007\000.\0001\000\040\000D\000e\000t\000a\000i\000l\000e\000d\000\040\000D\000e\000s\000c\000r\000i\000p\000t\000i\000o\000n}{section.5.17}% 175
\BOOKMARK [2][-]{subsection.5.17.2}{\376\377\0005\000.\0001\0007\000.\0002\000\040\000C\000o\000n\000s\000t\000r\000u\000c\000t\000o\000r\000\040\000\046\000\040\000D\000e\000s\000t\000r\000u\000c\000t\000o\000r\000\040\000D\000o\000c\000u\000m\000e\000n\000t\000a\000t\000i\000o\000n}{section.5.17}% 176
\BOOKMARK [3][-]{subsubsection.5.17.2.1}{\376\377\0005\000.\0001\0007\000.\0002\000.\0001\000\040\000P\000o\000p\000u\000l\000a\000t\000i\000o\000n\000\050\000s\000t\000d\000:\000:\000v\000e\000c\000t\000o\000r\000<\000\040\000A\000g\000e\000n\000t\000\040\000*\000\040\000>\000\040\000a\000g\000e\000n\000t\000s\000,\000\040\000V\000e\000c\000t\000o\000r\0003\000d\000\040\000p\000o\000s\000i\000t\000i\000o\000n\000=\000V\000e\000c\000t\000o\000r\0003\000d\000\050\000\051\000,\000\040\000i\000n\000t\000\040\000i\000d\000=\0000\000\051}{subsection.5.17.2}% 177
\BOOKMARK [3][-]{subsubsection.5.17.2.2}{\376\377\0005\000.\0001\0007\000.\0002\000.\0002\000\040\000P\000o\000p\000u\000l\000a\000t\000i\000o\000n\000\050\000V\000e\000c\000t\000o\000r\0003\000d\000\040\000p\000o\000s\000i\000t\000i\000o\000n\000=\000V\000e\000c\000t\000o\000r\0003\000d\000\050\000\051\000,\000\040\000i\000n\000t\000\040\000i\000d\000=\0000\000\051}{subsection.5.17.2}% 178
\BOOKMARK [3][-]{subsubsection.5.17.2.3}{\376\377\0005\000.\0001\0007\000.\0002\000.\0003\000\040\000\040\000P\000o\000p\000u\000l\000a\000t\000i\000o\000n\000\050\000\051}{subsection.5.17.2}% 179
\BOOKMARK [2][-]{subsection.5.17.3}{\376\377\0005\000.\0001\0007\000.\0003\000\040\000M\000e\000m\000b\000e\000r\000\040\000F\000u\000n\000c\000t\000i\000o\000n\000\040\000D\000o\000c\000u\000m\000e\000n\000t\000a\000t\000i\000o\000n}{section.5.17}% 180
\BOOKMARK [3][-]{subsubsection.5.17.3.1}{\376\377\0005\000.\0001\0007\000.\0003\000.\0001\000\040\000c\000l\000e\000a\000r\000\050\000\051}{subsection.5.17.3}% 181
\BOOKMARK [3][-]{subsubsection.5.17.3.2}{\376\377\0005\000.\0001\0007\000.\0003\000.\0002\000\040\000c\000l\000e\000a\000r\000F\000o\000r\000m\000a\000t\000i\000o\000n\000s\000\050\000\051}{subsection.5.17.3}% 182
\BOOKMARK [3][-]{subsubsection.5.17.3.3}{\376\377\0005\000.\0001\0007\000.\0003\000.\0003\000\040\000g\000e\000t\000F\000o\000r\000m\000a\000t\000i\000o\000n\000s\000\050\000\051\000\040\000c\000o\000n\000s\000t\000\040}{subsection.5.17.3}% 183
\BOOKMARK [3][-]{subsubsection.5.17.3.4}{\376\377\0005\000.\0001\0007\000.\0003\000.\0004\000\040\000g\000e\000t\000H\000i\000g\000h\000e\000s\000t\000F\000o\000r\000m\000a\000t\000i\000o\000n\000I\000n\000t\000e\000r\000a\000c\000t\000i\000o\000n\000P\000o\000t\000e\000n\000t\000i\000a\000l\000\050\000\051}{subsection.5.17.3}% 184
\BOOKMARK [3][-]{subsubsection.5.17.3.5}{\376\377\0005\000.\0001\0007\000.\0003\000.\0005\000\040\000g\000e\000t\000R\000e\000l\000a\000t\000e\000d\000F\000o\000r\000m\000a\000t\000i\000o\000n\000\050\000u\000n\000s\000i\000g\000n\000e\000d\000\040\000i\000n\000t\000\040\000a\000g\000e\000n\000t\000I\000d\000\051}{subsection.5.17.3}% 185
\BOOKMARK [3][-]{subsubsection.5.17.3.6}{\376\377\0005\000.\0001\0007\000.\0003\000.\0006\000\040\000g\000e\000t\000R\000e\000l\000a\000t\000e\000d\000F\000o\000r\000m\000a\000t\000i\000o\000n\000\050\000A\000g\000e\000n\000t\000\040\000*\000a\000\051}{subsection.5.17.3}% 186
\BOOKMARK [3][-]{subsubsection.5.17.3.7}{\376\377\0005\000.\0001\0007\000.\0003\000.\0007\000\040\000i\000s\000G\000r\000o\000u\000p\000e\000d\000\050\000A\000g\000e\000n\000t\000\040\000*\000a\000g\000e\000n\000t\000\051}{subsection.5.17.3}% 187
\BOOKMARK [3][-]{subsubsection.5.17.3.8}{\376\377\0005\000.\0001\0007\000.\0003\000.\0008\000\040\000i\000s\000G\000r\000o\000u\000p\000e\000d\000\050\000u\000n\000s\000i\000g\000n\000e\000d\000\040\000i\000n\000t\000\040\000a\000g\000e\000n\000t\000I\000d\000\051}{subsection.5.17.3}% 188
\BOOKMARK [3][-]{subsubsection.5.17.3.9}{\376\377\0005\000.\0001\0007\000.\0003\000.\0009\000\040\000p\000u\000s\000h\000F\000o\000r\000m\000a\000t\000i\000o\000n\000\050\000F\000o\000r\000m\000a\000t\000i\000o\000n\000\040\000*\000f\000o\000r\000m\000a\000t\000i\000o\000n\000\051}{subsection.5.17.3}% 189
\BOOKMARK [3][-]{subsubsection.5.17.3.10}{\376\377\0005\000.\0001\0007\000.\0003\000.\0001\0000\000\040\000r\000e\000m\000o\000v\000e\000F\000o\000r\000m\000a\000t\000i\000o\000n\000\050\000u\000n\000s\000i\000g\000n\000e\000d\000\040\000i\000n\000t\000\040\000f\000o\000r\000m\000a\000t\000i\000o\000n\000I\000d\000\051}{subsection.5.17.3}% 190
\BOOKMARK [3][-]{subsubsection.5.17.3.11}{\376\377\0005\000.\0001\0007\000.\0003\000.\0001\0001\000\040\000s\000e\000t\000F\000o\000r\000m\000a\000t\000i\000o\000n\000s\000\050\000c\000o\000n\000s\000t\000\040\000s\000t\000d\000:\000:\000v\000e\000c\000t\000o\000r\000<\000\040\000F\000o\000r\000m\000a\000t\000i\000o\000n\000\040\000*\000\040\000>\000\040\000f\000o\000r\000m\000a\000t\000i\000o\000n\000s\000\051}{subsection.5.17.3}% 191
\BOOKMARK [1][-]{section.5.18}{\376\377\0005\000.\0001\0008\000\040\000P\000o\000p\000u\000l\000a\000t\000i\000o\000n\000M\000a\000n\000a\000g\000e\000r\000\040\000C\000l\000a\000s\000s\000\040\000R\000e\000f\000e\000r\000e\000n\000c\000e}{chapter.5}% 192
\BOOKMARK [1][-]{section.5.19}{\376\377\0005\000.\0001\0009\000\040\000R\000o\000b\000o\000t\000\040\000C\000l\000a\000s\000s\000\040\000R\000e\000f\000e\000r\000e\000n\000c\000e}{chapter.5}% 193
\BOOKMARK [2][-]{subsection.5.19.1}{\376\377\0005\000.\0001\0009\000.\0001\000\040\000D\000e\000t\000a\000i\000l\000e\000d\000\040\000D\000e\000s\000c\000r\000i\000p\000t\000i\000o\000n}{section.5.19}% 194
\BOOKMARK [2][-]{subsection.5.19.2}{\376\377\0005\000.\0001\0009\000.\0002\000\040\000C\000o\000n\000s\000t\000r\000u\000c\000t\000o\000r\000\040\000\046\000\040\000D\000e\000s\000t\000r\000u\000c\000t\000o\000r\000\040\000D\000o\000c\000u\000m\000e\000n\000t\000a\000t\000i\000o\000n}{section.5.19}% 195
\BOOKMARK [3][-]{subsubsection.5.19.2.1}{\376\377\0005\000.\0001\0009\000.\0002\000.\0001\000\040\000R\000o\000b\000o\000t\000\050\000V\000e\000c\000t\000o\000r\0003\000d\000\040\000p\000o\000s\000i\000t\000i\000o\000n\000=\000V\000e\000c\000t\000o\000r\0003\000d\000\050\0000\000,\000\040\0000\000,\000\040\0000\000\051\000,\000\040\000d\000o\000u\000b\000l\000e\000\040\000t\000h\000e\000t\000a\000=\0000\000\051}{subsection.5.19.2}% 196
\BOOKMARK [3][-]{subsubsection.5.19.2.2}{\376\377\0005\000.\0001\0009\000.\0002\000.\0002\000\040\000\040\000R\000o\000b\000o\000t\000\050\000\051}{subsection.5.19.2}% 197
\BOOKMARK [2][-]{subsection.5.19.3}{\376\377\0005\000.\0001\0009\000.\0003\000\040\000M\000e\000m\000b\000e\000r\000\040\000F\000u\000n\000c\000t\000i\000o\000n\000\040\000D\000o\000c\000u\000m\000e\000n\000t\000a\000t\000i\000o\000n}{section.5.19}% 198
\BOOKMARK [3][-]{subsubsection.5.19.3.1}{\376\377\0005\000.\0001\0009\000.\0003\000.\0001\000\040\000g\000e\000t\000G\000o\000a\000l\000\050\000\051\000\040\000c\000o\000n\000s\000t\000\040}{subsection.5.19.3}% 199
\BOOKMARK [3][-]{subsubsection.5.19.3.2}{\376\377\0005\000.\0001\0009\000.\0003\000.\0002\000\040\000g\000e\000t\000P\000a\000t\000h\000\050\000\051\000\040\000c\000o\000n\000s\000t\000\040}{subsection.5.19.3}% 200
\BOOKMARK [3][-]{subsubsection.5.19.3.3}{\376\377\0005\000.\0001\0009\000.\0003\000.\0003\000\040\000s\000e\000t\000G\000o\000a\000l\000\050\000G\000r\000i\000d\000C\000e\000l\000l\000\040\000*\000g\000o\000a\000l\000\051}{subsection.5.19.3}% 201
\BOOKMARK [3][-]{subsubsection.5.19.3.4}{\376\377\0005\000.\0001\0009\000.\0003\000.\0004\000\040\000s\000e\000t\000P\000a\000t\000h\000\050\000s\000t\000d\000:\000:\000v\000e\000c\000t\000o\000r\000<\000\040\000G\000r\000i\000d\000C\000e\000l\000l\000\040\000*\000\040\000>\000\040\000p\000a\000t\000h\000\051}{subsection.5.19.3}% 202
\BOOKMARK [1][-]{section.5.20}{\376\377\0005\000.\0002\0000\000\040\000S\000o\000c\000i\000a\000l\000P\000l\000a\000n\000n\000e\000r\000\040\000C\000l\000a\000s\000s\000\040\000R\000e\000f\000e\000r\000e\000n\000c\000e}{chapter.5}% 203
\BOOKMARK [2][-]{subsection.5.20.1}{\376\377\0005\000.\0002\0000\000.\0001\000\040\000D\000e\000t\000a\000i\000l\000e\000d\000\040\000D\000e\000s\000c\000r\000i\000p\000t\000i\000o\000n}{section.5.20}% 204
\BOOKMARK [2][-]{subsection.5.20.2}{\376\377\0005\000.\0002\0000\000.\0002\000\040\000C\000o\000n\000s\000t\000r\000u\000c\000t\000o\000r\000\040\000\046\000\040\000D\000e\000s\000t\000r\000u\000c\000t\000o\000r\000\040\000D\000o\000c\000u\000m\000e\000n\000t\000a\000t\000i\000o\000n}{section.5.20}% 205
\BOOKMARK [3][-]{subsubsection.5.20.2.1}{\376\377\0005\000.\0002\0000\000.\0002\000.\0001\000\040\000S\000o\000c\000i\000a\000l\000P\000l\000a\000n\000n\000e\000r\000\050\000P\000o\000p\000u\000l\000a\000t\000i\000o\000n\000M\000a\000n\000a\000g\000e\000r\000\040\000*\000p\000o\000p\000M\000a\000n\000a\000g\000e\000r\000,\000\040\000R\000o\000b\000o\000t\000\040\000*\000r\000o\000b\000o\000t\000\051}{subsection.5.20.2}% 206
\BOOKMARK [3][-]{subsubsection.5.20.2.2}{\376\377\0005\000.\0002\0000\000.\0002\000.\0002\000\040\000\040\000S\000o\000c\000i\000a\000l\000P\000l\000a\000n\000n\000e\000r\000\050\000\051}{subsection.5.20.2}% 207
\BOOKMARK [2][-]{subsection.5.20.3}{\376\377\0005\000.\0002\0000\000.\0003\000\040\000M\000e\000m\000b\000e\000r\000\040\000F\000u\000n\000c\000t\000i\000o\000n\000\040\000D\000o\000c\000u\000m\000e\000n\000t\000a\000t\000i\000o\000n}{section.5.20}% 208
\BOOKMARK [3][-]{subsubsection.5.20.3.1}{\376\377\0005\000.\0002\0000\000.\0003\000.\0001\000\040\000d\000i\000s\000e\000n\000g\000a\000g\000e\000\050\000\051}{subsection.5.20.3}% 209
\BOOKMARK [3][-]{subsubsection.5.20.3.2}{\376\377\0005\000.\0002\0000\000.\0003\000.\0002\000\040\000e\000n\000g\000a\000g\000e\000\050\000\051}{subsection.5.20.3}% 210
\BOOKMARK [3][-]{subsubsection.5.20.3.3}{\376\377\0005\000.\0002\0000\000.\0003\000.\0003\000\040\000g\000e\000t\000M\000a\000n\000a\000g\000e\000r\000\050\000\051\000\040\000c\000o\000n\000s\000t\000\040}{subsection.5.20.3}% 211
\BOOKMARK [3][-]{subsubsection.5.20.3.4}{\376\377\0005\000.\0002\0000\000.\0003\000.\0004\000\040\000g\000e\000t\000R\000o\000b\000o\000t\000\050\000\051\000\040\000c\000o\000n\000s\000t\000\040}{subsection.5.20.3}% 212
\BOOKMARK [3][-]{subsubsection.5.20.3.5}{\376\377\0005\000.\0002\0000\000.\0003\000.\0005\000\040\000i\000n\000t\000e\000r\000a\000c\000t\000\050\000\051}{subsection.5.20.3}% 213
\BOOKMARK [3][-]{subsubsection.5.20.3.6}{\376\377\0005\000.\0002\0000\000.\0003\000.\0006\000\040\000s\000e\000e\000k\000i\000n\000t\000e\000r\000a\000c\000t\000i\000o\000n\000\050\000\051}{subsection.5.20.3}% 214
\BOOKMARK [3][-]{subsubsection.5.20.3.7}{\376\377\0005\000.\0002\0000\000.\0003\000.\0007\000\040\000u\000p\000d\000a\000t\000e\000\050\000\051}{subsection.5.20.3}% 215
\BOOKMARK [1][-]{section.5.21}{\376\377\0005\000.\0002\0001\000\040\000S\000o\000c\000i\000a\000l\000S\000p\000a\000c\000e\000\040\000C\000l\000a\000s\000s\000\040\000R\000e\000f\000e\000r\000e\000n\000c\000e}{chapter.5}% 216
\BOOKMARK [2][-]{subsection.5.21.1}{\376\377\0005\000.\0002\0001\000.\0001\000\040\000D\000e\000t\000a\000i\000l\000e\000d\000\040\000D\000e\000s\000c\000r\000i\000p\000t\000i\000o\000n}{section.5.21}% 217
\BOOKMARK [2][-]{subsection.5.21.2}{\376\377\0005\000.\0002\0001\000.\0002\000\040\000C\000o\000n\000s\000t\000r\000u\000c\000t\000o\000r\000\040\000\046\000\040\000D\000e\000s\000t\000r\000u\000c\000t\000o\000r\000\040\000D\000o\000c\000u\000m\000e\000n\000t\000a\000t\000i\000o\000n}{section.5.21}% 218
\BOOKMARK [3][-]{subsubsection.5.21.2.1}{\376\377\0005\000.\0002\0001\000.\0002\000.\0001\000\040\000S\000o\000c\000i\000a\000l\000S\000p\000a\000c\000e\000\050\000i\000n\000t\000\040\000i\000d\000=\0000\000\051}{subsection.5.21.2}% 219
\BOOKMARK [3][-]{subsubsection.5.21.2.2}{\376\377\0005\000.\0002\0001\000.\0002\000.\0002\000\040\000\040\000S\000o\000c\000i\000a\000l\000S\000p\000a\000c\000e\000\050\000\051}{subsection.5.21.2}% 220
\BOOKMARK [1][-]{section.5.22}{\376\377\0005\000.\0002\0002\000\040\000U\000D\000P\000S\000e\000r\000v\000e\000r\000\040\000C\000l\000a\000s\000s\000\040\000R\000e\000f\000e\000r\000e\000n\000c\000e}{chapter.5}% 221
\BOOKMARK [2][-]{subsection.5.22.1}{\376\377\0005\000.\0002\0002\000.\0001\000\040\000D\000e\000t\000a\000i\000l\000e\000d\000\040\000D\000e\000s\000c\000r\000i\000p\000t\000i\000o\000n}{section.5.22}% 222
\BOOKMARK [2][-]{subsection.5.22.2}{\376\377\0005\000.\0002\0002\000.\0002\000\040\000C\000o\000n\000s\000t\000r\000u\000c\000t\000o\000r\000\040\000\046\000\040\000D\000e\000s\000t\000r\000u\000c\000t\000o\000r\000\040\000D\000o\000c\000u\000m\000e\000n\000t\000a\000t\000i\000o\000n}{section.5.22}% 223
\BOOKMARK [3][-]{subsubsection.5.22.2.1}{\376\377\0005\000.\0002\0002\000.\0002\000.\0001\000\040\000U\000D\000P\000S\000e\000r\000v\000e\000r\000\050\000i\000n\000t\000\040\000p\000o\000r\000t\000,\000\040\000S\000o\000c\000i\000a\000l\000P\000l\000a\000n\000n\000e\000r\000\040\000*\000s\000P\000l\000a\000n\000n\000e\000r\000\051}{subsection.5.22.2}% 224
\BOOKMARK [3][-]{subsubsection.5.22.2.2}{\376\377\0005\000.\0002\0002\000.\0002\000.\0002\000\040\000\040\000U\000D\000P\000S\000e\000r\000v\000e\000r\000\050\000\051}{subsection.5.22.2}% 225
\BOOKMARK [2][-]{subsection.5.22.3}{\376\377\0005\000.\0002\0002\000.\0003\000\040\000M\000e\000m\000b\000e\000r\000\040\000F\000u\000n\000c\000t\000i\000o\000n\000\040\000D\000o\000c\000u\000m\000e\000n\000t\000a\000t\000i\000o\000n}{section.5.22}% 226
\BOOKMARK [3][-]{subsubsection.5.22.3.1}{\376\377\0005\000.\0002\0002\000.\0003\000.\0001\000\040\000d\000o\000r\000e\000a\000d\000\050\000\051}{subsection.5.22.3}% 227
\BOOKMARK [3][-]{subsubsection.5.22.3.2}{\376\377\0005\000.\0002\0002\000.\0003\000.\0002\000\040\000d\000o\000s\000e\000n\000d\000\050\000u\000i\000n\000t\0008\000t\000\040\000*\000s\000e\000n\000d\000B\000u\000f\000f\000e\000r\000,\000\040\000i\000n\000t\000\040\000s\000e\000n\000d\000B\000u\000f\000f\000e\000r\000s\000i\000z\000e\000\051}{subsection.5.22.3}% 228
\BOOKMARK [3][-]{subsubsection.5.22.3.3}{\376\377\0005\000.\0002\0002\000.\0003\000.\0003\000\040\000p\000a\000r\000s\000e\000\050\000\051}{subsection.5.22.3}% 229
\BOOKMARK [3][-]{subsubsection.5.22.3.4}{\376\377\0005\000.\0002\0002\000.\0003\000.\0004\000\040\000p\000a\000r\000s\000e\000f\000r\000a\000m\000e\0000\000\050\000\051}{subsection.5.22.3}% 230
\BOOKMARK [3][-]{subsubsection.5.22.3.5}{\376\377\0005\000.\0002\0002\000.\0003\000.\0005\000\040\000s\000e\000n\000d\000f\000r\000a\000m\000e\0000\000\050\000\051}{subsection.5.22.3}% 231
\BOOKMARK [3][-]{subsubsection.5.22.3.6}{\376\377\0005\000.\0002\0002\000.\0003\000.\0006\000\040\000s\000e\000n\000d\000f\000r\000a\000m\000e\0001\000\050\000\051}{subsection.5.22.3}% 232
\BOOKMARK [3][-]{subsubsection.5.22.3.7}{\376\377\0005\000.\0002\0002\000.\0003\000.\0007\000\040\000s\000e\000n\000d\000f\000r\000a\000m\000e\0002\000\050\000\051}{subsection.5.22.3}% 233
\BOOKMARK [3][-]{subsubsection.5.22.3.8}{\376\377\0005\000.\0002\0002\000.\0003\000.\0008\000\040\000s\000e\000n\000d\000f\000r\000a\000m\000e\0003\000\050\000\051}{subsection.5.22.3}% 234
\BOOKMARK [3][-]{subsubsection.5.22.3.9}{\376\377\0005\000.\0002\0002\000.\0003\000.\0009\000\040\000s\000p\000a\000w\000n\000\050\000\051}{subsection.5.22.3}% 235
\BOOKMARK [3][-]{subsubsection.5.22.3.10}{\376\377\0005\000.\0002\0002\000.\0003\000.\0001\0000\000\040\000u\000p\000d\000a\000t\000e\000O\000r\000P\000u\000s\000h\000A\000g\000e\000n\000t\000\050\000i\000n\000t\000\040\000i\000d\000,\000\040\000f\000l\000o\000a\000t\000\040\000x\000,\000\040\000f\000l\000o\000a\000t\000\040\000y\000,\000\040\000f\000l\000o\000a\000t\000\040\000z\000,\000\040\000f\000l\000o\000a\000t\000\040\000t\000h\000e\000t\000a\000\051}{subsection.5.22.3}% 236
\BOOKMARK [1][-]{section.5.23}{\376\377\0005\000.\0002\0003\000\040\000W\000o\000r\000l\000d\000\040\000C\000l\000a\000s\000s\000\040\000R\000e\000f\000e\000r\000e\000n\000c\000e}{chapter.5}% 237
\BOOKMARK [2][-]{subsection.5.23.1}{\376\377\0005\000.\0002\0003\000.\0001\000\040\000D\000e\000t\000a\000i\000l\000e\000d\000\040\000D\000e\000s\000c\000r\000i\000p\000t\000i\000o\000n}{section.5.23}% 238
\BOOKMARK [2][-]{subsection.5.23.2}{\376\377\0005\000.\0002\0003\000.\0002\000\040\000C\000o\000n\000s\000t\000r\000u\000c\000t\000o\000r\000\040\000\046\000\040\000D\000e\000s\000t\000r\000u\000c\000t\000o\000r\000\040\000D\000o\000c\000u\000m\000e\000n\000t\000a\000t\000i\000o\000n}{section.5.23}% 239
\BOOKMARK [3][-]{subsubsection.5.23.2.1}{\376\377\0005\000.\0002\0003\000.\0002\000.\0001\000\040\000W\000o\000r\000l\000d\000\050\000d\000o\000u\000b\000l\000e\000\040\000w\000i\000d\000t\000h\000,\000\040\000d\000o\000u\000b\000l\000e\000\040\000h\000e\000i\000g\000h\000t\000,\000\040\000i\000n\000t\000\040\000w\000i\000d\000t\000h\000V\000i\000e\000w\000,\000\040\000i\000n\000t\000\040\000h\000e\000i\000g\000h\000t\000V\000i\000e\000w\000,\000\040\000V\000e\000c\000t\000o\000r\0003\000d\000\040\000p\000o\000s\000i\000t\000i\000o\000n\000=\000V\000e\000c\000t\000o\000r\0003\000d\000\050\000\051\000,\000\040\000d\000o\000u\000b\000l\000e\000\040\000t\000h\000e\000t\000a\000=\0000\000\051}{subsection.5.23.2}% 240
\BOOKMARK [3][-]{subsubsection.5.23.2.2}{\376\377\0005\000.\0002\0003\000.\0002\000.\0002\000\040\000\040\000W\000o\000r\000l\000d\000\050\000\051}{subsection.5.23.2}% 241
\BOOKMARK [2][-]{subsection.5.23.3}{\376\377\0005\000.\0002\0003\000.\0003\000\040\000M\000e\000m\000b\000e\000r\000\040\000F\000u\000n\000c\000t\000i\000o\000n\000\040\000D\000o\000c\000u\000m\000e\000n\000t\000a\000t\000i\000o\000n}{section.5.23}% 242
\BOOKMARK [3][-]{subsubsection.5.23.3.1}{\376\377\0005\000.\0002\0003\000.\0003\000.\0001\000\040\000g\000e\000t\000H\000e\000i\000g\000h\000t\000\050\000\051\000\040\000c\000o\000n\000s\000t\000\040}{subsection.5.23.3}% 243
\BOOKMARK [3][-]{subsubsection.5.23.3.2}{\376\377\0005\000.\0002\0003\000.\0003\000.\0002\000\040\000g\000e\000t\000H\000e\000i\000g\000h\000t\000V\000i\000e\000w\000\050\000\051\000\040\000c\000o\000n\000s\000t\000\040}{subsection.5.23.3}% 244
\BOOKMARK [3][-]{subsubsection.5.23.3.3}{\376\377\0005\000.\0002\0003\000.\0003\000.\0003\000\040\000g\000e\000t\000W\000i\000d\000t\000h\000\050\000\051\000\040\000c\000o\000n\000s\000t\000\040}{subsection.5.23.3}% 245
\BOOKMARK [3][-]{subsubsection.5.23.3.4}{\376\377\0005\000.\0002\0003\000.\0003\000.\0004\000\040\000g\000e\000t\000W\000i\000d\000t\000h\000V\000i\000e\000w\000\050\000\051\000\040\000c\000o\000n\000s\000t\000\040}{subsection.5.23.3}% 246
\BOOKMARK [3][-]{subsubsection.5.23.3.5}{\376\377\0005\000.\0002\0003\000.\0003\000.\0005\000\040\000s\000e\000t\000H\000e\000i\000g\000h\000t\000\050\000d\000o\000u\000b\000l\000e\000\040\000h\000e\000i\000g\000h\000t\000\051}{subsection.5.23.3}% 247
\BOOKMARK [3][-]{subsubsection.5.23.3.6}{\376\377\0005\000.\0002\0003\000.\0003\000.\0006\000\040\000s\000e\000t\000H\000e\000i\000g\000h\000t\000V\000i\000e\000w\000\050\000d\000o\000u\000b\000l\000e\000\040\000h\000e\000i\000g\000h\000t\000V\000i\000e\000w\000\051}{subsection.5.23.3}% 248
\BOOKMARK [3][-]{subsubsection.5.23.3.7}{\376\377\0005\000.\0002\0003\000.\0003\000.\0007\000\040\000s\000e\000t\000W\000i\000d\000t\000h\000\050\000d\000o\000u\000b\000l\000e\000\040\000w\000i\000d\000t\000h\000\051}{subsection.5.23.3}% 249
\BOOKMARK [3][-]{subsubsection.5.23.3.8}{\376\377\0005\000.\0002\0003\000.\0003\000.\0008\000\040\000s\000e\000t\000W\000i\000d\000t\000h\000V\000i\000e\000w\000\050\000d\000o\000u\000b\000l\000e\000\040\000w\000i\000d\000t\000h\000V\000i\000e\000w\000\051}{subsection.5.23.3}% 250
\BOOKMARK [0][-]{chapter.6}{\376\377\0006\000\040\000F\000i\000l\000e\000\040\000D\000o\000c\000u\000m\000e\000n\000t\000a\000t\000i\000o\000n}{}% 251
\BOOKMARK [1][-]{section.6.1}{\376\377\0006\000.\0001\000\040\000s\000r\000c\000/\000a\000g\000e\000n\000t\000M\000a\000n\000a\000g\000e\000m\000e\000n\000t\000/\000A\000g\000e\000n\000t\000.\000c\000p\000p\000\040\000F\000i\000l\000e\000\040\000R\000e\000f\000e\000r\000e\000n\000c\000e}{chapter.6}% 252
\BOOKMARK [2][-]{subsection.6.1.1}{\376\377\0006\000.\0001\000.\0001\000\040\000D\000e\000t\000a\000i\000l\000e\000d\000\040\000D\000e\000s\000c\000r\000i\000p\000t\000i\000o\000n}{section.6.1}% 253
\BOOKMARK [1][-]{section.6.2}{\376\377\0006\000.\0002\000\040\000s\000r\000c\000/\000a\000g\000e\000n\000t\000M\000a\000n\000a\000g\000e\000m\000e\000n\000t\000/\000A\000g\000e\000n\000t\000.\000h\000\040\000F\000i\000l\000e\000\040\000R\000e\000f\000e\000r\000e\000n\000c\000e}{chapter.6}% 254
\BOOKMARK [2][-]{subsection.6.2.1}{\376\377\0006\000.\0002\000.\0001\000\040\000D\000e\000t\000a\000i\000l\000e\000d\000\040\000D\000e\000s\000c\000r\000i\000p\000t\000i\000o\000n}{section.6.2}% 255
\BOOKMARK [1][-]{section.6.3}{\376\377\0006\000.\0003\000\040\000s\000r\000c\000/\000a\000g\000e\000n\000t\000M\000a\000n\000a\000g\000e\000m\000e\000n\000t\000/\000F\000o\000r\000m\000a\000t\000i\000o\000n\000.\000c\000p\000p\000\040\000F\000i\000l\000e\000\040\000R\000e\000f\000e\000r\000e\000n\000c\000e}{chapter.6}% 256
\BOOKMARK [2][-]{subsection.6.3.1}{\376\377\0006\000.\0003\000.\0001\000\040\000D\000e\000t\000a\000i\000l\000e\000d\000\040\000D\000e\000s\000c\000r\000i\000p\000t\000i\000o\000n}{section.6.3}% 257
\BOOKMARK [1][-]{section.6.4}{\376\377\0006\000.\0004\000\040\000s\000r\000c\000/\000a\000g\000e\000n\000t\000M\000a\000n\000a\000g\000e\000m\000e\000n\000t\000/\000F\000o\000r\000m\000a\000t\000i\000o\000n\000.\000h\000\040\000F\000i\000l\000e\000\040\000R\000e\000f\000e\000r\000e\000n\000c\000e}{chapter.6}% 258
\BOOKMARK [2][-]{subsection.6.4.1}{\376\377\0006\000.\0004\000.\0001\000\040\000D\000e\000t\000a\000i\000l\000e\000d\000\040\000D\000e\000s\000c\000r\000i\000p\000t\000i\000o\000n}{section.6.4}% 259
\BOOKMARK [1][-]{section.6.5}{\376\377\0006\000.\0005\000\040\000s\000r\000c\000/\000a\000g\000e\000n\000t\000M\000a\000n\000a\000g\000e\000m\000e\000n\000t\000/\000P\000o\000p\000u\000l\000a\000t\000i\000o\000n\000.\000c\000p\000p\000\040\000F\000i\000l\000e\000\040\000R\000e\000f\000e\000r\000e\000n\000c\000e}{chapter.6}% 260
\BOOKMARK [2][-]{subsection.6.5.1}{\376\377\0006\000.\0005\000.\0001\000\040\000D\000e\000t\000a\000i\000l\000e\000d\000\040\000D\000e\000s\000c\000r\000i\000p\000t\000i\000o\000n}{section.6.5}% 261
\BOOKMARK [1][-]{section.6.6}{\376\377\0006\000.\0006\000\040\000s\000r\000c\000/\000a\000g\000e\000n\000t\000M\000a\000n\000a\000g\000e\000m\000e\000n\000t\000/\000P\000o\000p\000u\000l\000a\000t\000i\000o\000n\000.\000h\000\040\000F\000i\000l\000e\000\040\000R\000e\000f\000e\000r\000e\000n\000c\000e}{chapter.6}% 262
\BOOKMARK [2][-]{subsection.6.6.1}{\376\377\0006\000.\0006\000.\0001\000\040\000D\000e\000t\000a\000i\000l\000e\000d\000\040\000D\000e\000s\000c\000r\000i\000p\000t\000i\000o\000n}{section.6.6}% 263
\BOOKMARK [1][-]{section.6.7}{\376\377\0006\000.\0007\000\040\000s\000r\000c\000/\000a\000g\000e\000n\000t\000M\000a\000n\000a\000g\000e\000m\000e\000n\000t\000/\000R\000o\000b\000o\000t\000.\000h\000\040\000F\000i\000l\000e\000\040\000R\000e\000f\000e\000r\000e\000n\000c\000e}{chapter.6}% 264
\BOOKMARK [2][-]{subsection.6.7.1}{\376\377\0006\000.\0007\000.\0001\000\040\000D\000e\000t\000a\000i\000l\000e\000d\000\040\000D\000e\000s\000c\000r\000i\000p\000t\000i\000o\000n}{section.6.7}% 265
\BOOKMARK [1][-]{section.6.8}{\376\377\0006\000.\0008\000\040\000s\000r\000c\000/\000g\000e\000n\000e\000r\000i\000c\000T\000y\000p\000e\000/\000A\000g\000e\000n\000t\000C\000o\000n\000t\000a\000i\000n\000e\000r\000.\000c\000p\000p\000\040\000F\000i\000l\000e\000\040\000R\000e\000f\000e\000r\000e\000n\000c\000e}{chapter.6}% 266
\BOOKMARK [2][-]{subsection.6.8.1}{\376\377\0006\000.\0008\000.\0001\000\040\000D\000e\000t\000a\000i\000l\000e\000d\000\040\000D\000e\000s\000c\000r\000i\000p\000t\000i\000o\000n}{section.6.8}% 267
\BOOKMARK [1][-]{section.6.9}{\376\377\0006\000.\0009\000\040\000s\000r\000c\000/\000g\000e\000n\000e\000r\000i\000c\000T\000y\000p\000e\000/\000A\000g\000e\000n\000t\000C\000o\000n\000t\000a\000i\000n\000e\000r\000.\000h\000\040\000F\000i\000l\000e\000\040\000R\000e\000f\000e\000r\000e\000n\000c\000e}{chapter.6}% 268
\BOOKMARK [2][-]{subsection.6.9.1}{\376\377\0006\000.\0009\000.\0001\000\040\000D\000e\000t\000a\000i\000l\000e\000d\000\040\000D\000e\000s\000c\000r\000i\000p\000t\000i\000o\000n}{section.6.9}% 269
\BOOKMARK [1][-]{section.6.10}{\376\377\0006\000.\0001\0000\000\040\000s\000r\000c\000/\000g\000e\000n\000e\000r\000i\000c\000T\000y\000p\000e\000/\000D\000r\000a\000w\000n\000O\000b\000j\000e\000c\000t\000.\000c\000p\000p\000\040\000F\000i\000l\000e\000\040\000R\000e\000f\000e\000r\000e\000n\000c\000e}{chapter.6}% 270
\BOOKMARK [2][-]{subsection.6.10.1}{\376\377\0006\000.\0001\0000\000.\0001\000\040\000D\000e\000t\000a\000i\000l\000e\000d\000\040\000D\000e\000s\000c\000r\000i\000p\000t\000i\000o\000n}{section.6.10}% 271
\BOOKMARK [1][-]{section.6.11}{\376\377\0006\000.\0001\0001\000\040\000s\000r\000c\000/\000g\000e\000n\000e\000r\000i\000c\000T\000y\000p\000e\000/\000D\000r\000a\000w\000n\000O\000b\000j\000e\000c\000t\000.\000h\000\040\000F\000i\000l\000e\000\040\000R\000e\000f\000e\000r\000e\000n\000c\000e}{chapter.6}% 272
\BOOKMARK [2][-]{subsection.6.11.1}{\376\377\0006\000.\0001\0001\000.\0001\000\040\000D\000e\000t\000a\000i\000l\000e\000d\000\040\000D\000e\000s\000c\000r\000i\000p\000t\000i\000o\000n}{section.6.11}% 273
\BOOKMARK [1][-]{section.6.12}{\376\377\0006\000.\0001\0002\000\040\000s\000r\000c\000/\000g\000e\000n\000e\000r\000i\000c\000T\000y\000p\000e\000/\000I\000d\000e\000n\000t\000i\000f\000i\000e\000d\000O\000b\000j\000e\000c\000t\000.\000c\000p\000p\000\040\000F\000i\000l\000e\000\040\000R\000e\000f\000e\000r\000e\000n\000c\000e}{chapter.6}% 274
\BOOKMARK [2][-]{subsection.6.12.1}{\376\377\0006\000.\0001\0002\000.\0001\000\040\000D\000e\000t\000a\000i\000l\000e\000d\000\040\000D\000e\000s\000c\000r\000i\000p\000t\000i\000o\000n}{section.6.12}% 275
\BOOKMARK [1][-]{section.6.13}{\376\377\0006\000.\0001\0003\000\040\000s\000r\000c\000/\000g\000e\000n\000e\000r\000i\000c\000T\000y\000p\000e\000/\000I\000d\000e\000n\000t\000i\000f\000i\000e\000d\000O\000b\000j\000e\000c\000t\000.\000h\000\040\000F\000i\000l\000e\000\040\000R\000e\000f\000e\000r\000e\000n\000c\000e}{chapter.6}% 276
\BOOKMARK [2][-]{subsection.6.13.1}{\376\377\0006\000.\0001\0003\000.\0001\000\040\000D\000e\000t\000a\000i\000l\000e\000d\000\040\000D\000e\000s\000c\000r\000i\000p\000t\000i\000o\000n}{section.6.13}% 277
\BOOKMARK [1][-]{section.6.14}{\376\377\0006\000.\0001\0004\000\040\000s\000r\000c\000/\000g\000e\000n\000e\000r\000i\000c\000T\000y\000p\000e\000/\000L\000o\000c\000a\000l\000i\000z\000e\000d\000O\000b\000j\000e\000c\000t\000.\000c\000p\000p\000\040\000F\000i\000l\000e\000\040\000R\000e\000f\000e\000r\000e\000n\000c\000e}{chapter.6}% 278
\BOOKMARK [2][-]{subsection.6.14.1}{\376\377\0006\000.\0001\0004\000.\0001\000\040\000D\000e\000t\000a\000i\000l\000e\000d\000\040\000D\000e\000s\000c\000r\000i\000p\000t\000i\000o\000n}{section.6.14}% 279
\BOOKMARK [1][-]{section.6.15}{\376\377\0006\000.\0001\0005\000\040\000s\000r\000c\000/\000g\000e\000n\000e\000r\000i\000c\000T\000y\000p\000e\000/\000L\000o\000c\000a\000l\000i\000z\000e\000d\000O\000b\000j\000e\000c\000t\000.\000h\000\040\000F\000i\000l\000e\000\040\000R\000e\000f\000e\000r\000e\000n\000c\000e}{chapter.6}% 280
\BOOKMARK [2][-]{subsection.6.15.1}{\376\377\0006\000.\0001\0005\000.\0001\000\040\000D\000e\000t\000a\000i\000l\000e\000d\000\040\000D\000e\000s\000c\000r\000i\000p\000t\000i\000o\000n}{section.6.15}% 281
\BOOKMARK [1][-]{section.6.16}{\376\377\0006\000.\0001\0006\000\040\000s\000r\000c\000/\000s\000o\000c\000i\000a\000l\000P\000r\000o\000c\000e\000s\000s\000i\000n\000g\000/\000G\000r\000o\000u\000p\000D\000e\000t\000e\000c\000t\000o\000r\000.\000c\000p\000p\000\040\000F\000i\000l\000e\000\040\000R\000e\000f\000e\000r\000e\000n\000c\000e}{chapter.6}% 282
\BOOKMARK [2][-]{subsection.6.16.1}{\376\377\0006\000.\0001\0006\000.\0001\000\040\000D\000e\000t\000a\000i\000l\000e\000d\000\040\000D\000e\000s\000c\000r\000i\000p\000t\000i\000o\000n}{section.6.16}% 283
\BOOKMARK [1][-]{section.6.17}{\376\377\0006\000.\0001\0007\000\040\000s\000r\000c\000/\000s\000o\000c\000i\000a\000l\000P\000r\000o\000c\000e\000s\000s\000i\000n\000g\000/\000G\000r\000o\000u\000p\000D\000e\000t\000e\000c\000t\000o\000r\000.\000h\000\040\000F\000i\000l\000e\000\040\000R\000e\000f\000e\000r\000e\000n\000c\000e}{chapter.6}% 284
\BOOKMARK [2][-]{subsection.6.17.1}{\376\377\0006\000.\0001\0007\000.\0001\000\040\000D\000e\000t\000a\000i\000l\000e\000d\000\040\000D\000e\000s\000c\000r\000i\000p\000t\000i\000o\000n}{section.6.17}% 285
\BOOKMARK [1][-]{section.6.18}{\376\377\0006\000.\0001\0008\000\040\000s\000r\000c\000/\000s\000o\000c\000i\000a\000l\000P\000r\000o\000c\000e\000s\000s\000i\000n\000g\000/\000S\000o\000c\000i\000a\000l\000P\000l\000a\000n\000n\000e\000r\000.\000c\000p\000p\000\040\000F\000i\000l\000e\000\040\000R\000e\000f\000e\000r\000e\000n\000c\000e}{chapter.6}% 286
\BOOKMARK [2][-]{subsection.6.18.1}{\376\377\0006\000.\0001\0008\000.\0001\000\040\000D\000e\000t\000a\000i\000l\000e\000d\000\040\000D\000e\000s\000c\000r\000i\000p\000t\000i\000o\000n}{section.6.18}% 287
\BOOKMARK [1][-]{section.6.19}{\376\377\0006\000.\0001\0009\000\040\000s\000r\000c\000/\000s\000o\000c\000i\000a\000l\000P\000r\000o\000c\000e\000s\000s\000i\000n\000g\000/\000S\000o\000c\000i\000a\000l\000P\000l\000a\000n\000n\000e\000r\000.\000h\000\040\000F\000i\000l\000e\000\040\000R\000e\000f\000e\000r\000e\000n\000c\000e}{chapter.6}% 288
\BOOKMARK [2][-]{subsection.6.19.1}{\376\377\0006\000.\0001\0009\000.\0001\000\040\000D\000e\000t\000a\000i\000l\000e\000d\000\040\000D\000e\000s\000c\000r\000i\000p\000t\000i\000o\000n}{section.6.19}% 289
\BOOKMARK [1][-]{section.6.20}{\376\377\0006\000.\0002\0000\000\040\000s\000r\000c\000/\000s\000o\000c\000i\000a\000l\000S\000p\000a\000c\000e\000/\000G\000a\000u\000s\000s\000i\000a\000n\000S\000p\000a\000c\000e\000.\000c\000p\000p\000\040\000F\000i\000l\000e\000\040\000R\000e\000f\000e\000r\000e\000n\000c\000e}{chapter.6}% 290
\BOOKMARK [2][-]{subsection.6.20.1}{\376\377\0006\000.\0002\0000\000.\0001\000\040\000D\000e\000t\000a\000i\000l\000e\000d\000\040\000D\000e\000s\000c\000r\000i\000p\000t\000i\000o\000n}{section.6.20}% 291
\BOOKMARK [1][-]{section.6.21}{\376\377\0006\000.\0002\0001\000\040\000s\000r\000c\000/\000s\000o\000c\000i\000a\000l\000S\000p\000a\000c\000e\000/\000G\000a\000u\000s\000s\000i\000a\000n\000S\000p\000a\000c\000e\000.\000h\000\040\000F\000i\000l\000e\000\040\000R\000e\000f\000e\000r\000e\000n\000c\000e}{chapter.6}% 292
\BOOKMARK [2][-]{subsection.6.21.1}{\376\377\0006\000.\0002\0001\000.\0001\000\040\000D\000e\000t\000a\000i\000l\000e\000d\000\040\000D\000e\000s\000c\000r\000i\000p\000t\000i\000o\000n}{section.6.21}% 293
\BOOKMARK [1][-]{section.6.22}{\376\377\0006\000.\0002\0002\000\040\000s\000r\000c\000/\000s\000o\000c\000i\000a\000l\000S\000p\000a\000c\000e\000/\000G\000r\000o\000u\000p\000S\000o\000c\000i\000a\000l\000S\000p\000a\000c\000e\000.\000h\000\040\000F\000i\000l\000e\000\040\000R\000e\000f\000e\000r\000e\000n\000c\000e}{chapter.6}% 294
\BOOKMARK [2][-]{subsection.6.22.1}{\376\377\0006\000.\0002\0002\000.\0001\000\040\000D\000e\000t\000a\000i\000l\000e\000d\000\040\000D\000e\000s\000c\000r\000i\000p\000t\000i\000o\000n}{section.6.22}% 295
\BOOKMARK [1][-]{section.6.23}{\376\377\0006\000.\0002\0003\000\040\000s\000r\000c\000/\000s\000o\000c\000i\000a\000l\000S\000p\000a\000c\000e\000/\000O\000S\000p\000a\000c\000e\000.\000c\000p\000p\000\040\000F\000i\000l\000e\000\040\000R\000e\000f\000e\000r\000e\000n\000c\000e}{chapter.6}% 296
\BOOKMARK [2][-]{subsection.6.23.1}{\376\377\0006\000.\0002\0003\000.\0001\000\040\000D\000e\000t\000a\000i\000l\000e\000d\000\040\000D\000e\000s\000c\000r\000i\000p\000t\000i\000o\000n}{section.6.23}% 297
\BOOKMARK [1][-]{section.6.24}{\376\377\0006\000.\0002\0004\000\040\000s\000r\000c\000/\000s\000o\000c\000i\000a\000l\000S\000p\000a\000c\000e\000/\000O\000S\000p\000a\000c\000e\000.\000h\000\040\000F\000i\000l\000e\000\040\000R\000e\000f\000e\000r\000e\000n\000c\000e}{chapter.6}% 298
\BOOKMARK [2][-]{subsection.6.24.1}{\376\377\0006\000.\0002\0004\000.\0001\000\040\000D\000e\000t\000a\000i\000l\000e\000d\000\040\000D\000e\000s\000c\000r\000i\000p\000t\000i\000o\000n}{section.6.24}% 299
\BOOKMARK [1][-]{section.6.25}{\376\377\0006\000.\0002\0005\000\040\000s\000r\000c\000/\000s\000o\000c\000i\000a\000l\000S\000p\000a\000c\000e\000/\000P\000e\000r\000s\000o\000n\000n\000a\000l\000S\000o\000c\000i\000a\000l\000S\000p\000a\000c\000e\000.\000c\000p\000p\000\040\000F\000i\000l\000e\000\040\000R\000e\000f\000e\000r\000e\000n\000c\000e}{chapter.6}% 300
\BOOKMARK [2][-]{subsection.6.25.1}{\376\377\0006\000.\0002\0005\000.\0001\000\040\000D\000e\000t\000a\000i\000l\000e\000d\000\040\000D\000e\000s\000c\000r\000i\000p\000t\000i\000o\000n}{section.6.25}% 301
\BOOKMARK [1][-]{section.6.26}{\376\377\0006\000.\0002\0006\000\040\000s\000r\000c\000/\000s\000o\000c\000i\000a\000l\000S\000p\000a\000c\000e\000/\000P\000e\000r\000s\000o\000n\000n\000a\000l\000S\000o\000c\000i\000a\000l\000S\000p\000a\000c\000e\000.\000h\000\040\000F\000i\000l\000e\000\040\000R\000e\000f\000e\000r\000e\000n\000c\000e}{chapter.6}% 302
\BOOKMARK [2][-]{subsection.6.26.1}{\376\377\0006\000.\0002\0006\000.\0001\000\040\000D\000e\000t\000a\000i\000l\000e\000d\000\040\000D\000e\000s\000c\000r\000i\000p\000t\000i\000o\000n}{section.6.26}% 303
\BOOKMARK [1][-]{section.6.27}{\376\377\0006\000.\0002\0007\000\040\000s\000r\000c\000/\000s\000o\000c\000i\000a\000l\000S\000p\000a\000c\000e\000/\000S\000o\000c\000i\000a\000l\000S\000p\000a\000c\000e\000.\000c\000p\000p\000\040\000F\000i\000l\000e\000\040\000R\000e\000f\000e\000r\000e\000n\000c\000e}{chapter.6}% 304
\BOOKMARK [2][-]{subsection.6.27.1}{\376\377\0006\000.\0002\0007\000.\0001\000\040\000D\000e\000t\000a\000i\000l\000e\000d\000\040\000D\000e\000s\000c\000r\000i\000p\000t\000i\000o\000n}{section.6.27}% 305
\BOOKMARK [1][-]{section.6.28}{\376\377\0006\000.\0002\0008\000\040\000s\000r\000c\000/\000s\000o\000c\000i\000a\000l\000S\000p\000a\000c\000e\000/\000S\000o\000c\000i\000a\000l\000S\000p\000a\000c\000e\000.\000h\000\040\000F\000i\000l\000e\000\040\000R\000e\000f\000e\000r\000e\000n\000c\000e}{chapter.6}% 306
\BOOKMARK [2][-]{subsection.6.28.1}{\376\377\0006\000.\0002\0008\000.\0001\000\040\000D\000e\000t\000a\000i\000l\000e\000d\000\040\000D\000e\000s\000c\000r\000i\000p\000t\000i\000o\000n}{section.6.28}% 307
\BOOKMARK [1][-]{section.6.29}{\376\377\0006\000.\0002\0009\000\040\000s\000r\000c\000/\000U\000D\000P\000S\000e\000r\000v\000e\000r\000.\000h\000\040\000F\000i\000l\000e\000\040\000R\000e\000f\000e\000r\000e\000n\000c\000e}{chapter.6}% 308
\BOOKMARK [2][-]{subsection.6.29.1}{\376\377\0006\000.\0002\0009\000.\0001\000\040\000D\000e\000t\000a\000i\000l\000e\000d\000\040\000D\000e\000s\000c\000r\000i\000p\000t\000i\000o\000n}{section.6.29}% 309
\BOOKMARK [1][-]{section.6.30}{\376\377\0006\000.\0003\0000\000\040\000s\000r\000c\000/\000w\000o\000r\000l\000d\000R\000e\000p\000r\000e\000s\000e\000n\000t\000a\000t\000i\000o\000n\000/\000G\000r\000i\000d\000C\000e\000l\000l\000.\000c\000p\000p\000\040\000F\000i\000l\000e\000\040\000R\000e\000f\000e\000r\000e\000n\000c\000e}{chapter.6}% 310
\BOOKMARK [2][-]{subsection.6.30.1}{\376\377\0006\000.\0003\0000\000.\0001\000\040\000D\000e\000t\000a\000i\000l\000e\000d\000\040\000D\000e\000s\000c\000r\000i\000p\000t\000i\000o\000n}{section.6.30}% 311
\BOOKMARK [1][-]{section.6.31}{\376\377\0006\000.\0003\0001\000\040\000s\000r\000c\000/\000w\000o\000r\000l\000d\000R\000e\000p\000r\000e\000s\000e\000n\000t\000a\000t\000i\000o\000n\000/\000G\000r\000i\000d\000C\000e\000l\000l\000.\000h\000\040\000F\000i\000l\000e\000\040\000R\000e\000f\000e\000r\000e\000n\000c\000e}{chapter.6}% 312
\BOOKMARK [2][-]{subsection.6.31.1}{\376\377\0006\000.\0003\0001\000.\0001\000\040\000D\000e\000t\000a\000i\000l\000e\000d\000\040\000D\000e\000s\000c\000r\000i\000p\000t\000i\000o\000n}{section.6.31}% 313
\BOOKMARK [1][-]{section.6.32}{\376\377\0006\000.\0003\0002\000\040\000s\000r\000c\000/\000w\000o\000r\000l\000d\000R\000e\000p\000r\000e\000s\000e\000n\000t\000a\000t\000i\000o\000n\000/\000G\000r\000i\000d\000M\000a\000p\000.\000c\000p\000p\000\040\000F\000i\000l\000e\000\040\000R\000e\000f\000e\000r\000e\000n\000c\000e}{chapter.6}% 314
\BOOKMARK [2][-]{subsection.6.32.1}{\376\377\0006\000.\0003\0002\000.\0001\000\040\000D\000e\000t\000a\000i\000l\000e\000d\000\040\000D\000e\000s\000c\000r\000i\000p\000t\000i\000o\000n}{section.6.32}% 315
\BOOKMARK [2][-]{subsection.6.32.2}{\376\377\0006\000.\0003\0002\000.\0002\000\040\000F\000u\000n\000c\000t\000i\000o\000n\000\040\000D\000o\000c\000u\000m\000e\000n\000t\000a\000t\000i\000o\000n}{section.6.32}% 316
\BOOKMARK [3][-]{subsubsection.6.32.2.1}{\376\377\0006\000.\0003\0002\000.\0002\000.\0001\000\040\000h\000e\000u\000r\000i\000s\000t\000i\000c\000D\000i\000a\000g\000o\000n\000a\000l\000C\000o\000s\000t\000E\000s\000t\000i\000m\000a\000t\000e\000\050\000G\000r\000i\000d\000C\000e\000l\000l\000\040\000*\000s\000t\000a\000r\000t\000,\000\040\000G\000r\000i\000d\000C\000e\000l\000l\000\040\000*\000e\000n\000d\000\051}{subsection.6.32.2}% 317
\BOOKMARK [3][-]{subsubsection.6.32.2.2}{\376\377\0006\000.\0003\0002\000.\0002\000.\0002\000\040\000h\000e\000u\000r\000i\000s\000t\000i\000c\000M\000a\000n\000h\000a\000t\000t\000a\000n\000C\000o\000s\000t\000E\000s\000t\000i\000m\000a\000t\000e\000\050\000G\000r\000i\000d\000C\000e\000l\000l\000\040\000*\000s\000t\000a\000r\000t\000,\000\040\000G\000r\000i\000d\000C\000e\000l\000l\000\040\000*\000e\000n\000d\000\051}{subsection.6.32.2}% 318
\BOOKMARK [1][-]{section.6.33}{\376\377\0006\000.\0003\0003\000\040\000s\000r\000c\000/\000w\000o\000r\000l\000d\000R\000e\000p\000r\000e\000s\000e\000n\000t\000a\000t\000i\000o\000n\000/\000G\000r\000i\000d\000M\000a\000p\000.\000h\000\040\000F\000i\000l\000e\000\040\000R\000e\000f\000e\000r\000e\000n\000c\000e}{chapter.6}% 319
\BOOKMARK [2][-]{subsection.6.33.1}{\376\377\0006\000.\0003\0003\000.\0001\000\040\000D\000e\000t\000a\000i\000l\000e\000d\000\040\000D\000e\000s\000c\000r\000i\000p\000t\000i\000o\000n}{section.6.33}% 320
\BOOKMARK [1][-]{section.6.34}{\376\377\0006\000.\0003\0004\000\040\000s\000r\000c\000/\000w\000o\000r\000l\000d\000R\000e\000p\000r\000e\000s\000e\000n\000t\000a\000t\000i\000o\000n\000/\000W\000o\000r\000l\000d\000.\000h\000\040\000F\000i\000l\000e\000\040\000R\000e\000f\000e\000r\000e\000n\000c\000e}{chapter.6}% 321
\BOOKMARK [2][-]{subsection.6.34.1}{\376\377\0006\000.\0003\0004\000.\0001\000\040\000D\000e\000t\000a\000i\000l\000e\000d\000\040\000D\000e\000s\000c\000r\000i\000p\000t\000i\000o\000n}{section.6.34}% 322
\BOOKMARK [0][-]{section*.162}{\376\377\000I\000n\000d\000e\000x}{}% 323
